<?xml version="1.0" encoding="UTF-8"?>
<testsuite name="MinesweeperTest" tests="1" skipped="0" failures="0" errors="0" timestamp="2022-03-07T21:57:43" hostname="DESKTOP-HNQ0AKR" time="14.015">
  <properties/>
  <testcase name="start" classname="MinesweeperTest" time="14.015"/>
  <system-out><![CDATA[?[1;31m
Start test 1?[0m
How many mines do you want on the field? > 1
 │123456789│
—│—————————│
1|.........|
2|.........|
3|.........|
4|.........|
5|.........|
6|.........|
7|.........|
8|.........|
9|.........|
—│—————————│
Set/unset mines marks or claim a cell as free: > 9 8 mine
 │123456789│
—│—————————│
1|.........|
2|.........|
3|.........|
4|.........|
5|.........|
6|.........|
7|.........|
8|........*|
9|.........|
—│—————————│
Set/unset mines marks or claim a cell as free: > 8 1 free
 │123456789│
—│—————————│
1|/////////|
2|/////////|
3|///////11|
4|///////1.|
5|///////11|
6|/////////|
7|/////////|
8|/////////|
9|/////////|
—│—————————│
Congratulations! You found all mines!
?[1;31m
Start test 2?[0m
How many mines do you want on the field? > 1
 │123456789│
—│—————————│
1|.........|
2|.........|
3|.........|
4|.........|
5|.........|
6|.........|
7|.........|
8|.........|
9|.........|
—│—————————│
Set/unset mines marks or claim a cell as free: > 8 5 free
 │123456789│
—│—————————│
1|/////////|
2|///////11|
3|///////1.|
4|///////11|
5|/////////|
6|/////////|
7|/////////|
8|/////////|
9|/////////|
—│—————————│
Congratulations! You found all mines!
?[1;31m
Start test 3?[0m
How many mines do you want on the field? > 1
 │123456789│
—│—————————│
1|.........|
2|.........|
3|.........|
4|.........|
5|.........|
6|.........|
7|.........|
8|.........|
9|.........|
—│—————————│
Set/unset mines marks or claim a cell as free: > 4 8 mine
 │123456789│
—│—————————│
1|.........|
2|.........|
3|.........|
4|.........|
5|.........|
6|.........|
7|.........|
8|...*.....|
9|.........|
—│—————————│
Set/unset mines marks or claim a cell as free: > 8 5 free
 │123456789│
—│—————————│
1|..1//////|
2|111//////|
3|/////////|
4|/////////|
5|/////////|
6|/////////|
7|/////////|
8|/////////|
9|/////////|
—│—————————│
Set/unset mines marks or claim a cell as free: > 2 1 free
 │123456789│
—│—————————│
1|.X1//////|
2|111//////|
3|/////////|
4|/////////|
5|/////////|
6|/////////|
7|/////////|
8|/////////|
9|/////////|
—│—————————│
You stepped on a mine and failed!
?[1;31m
Start test 4?[0m
How many mines do you want on the field? > 1
 │123456789│
—│—————————│
1|.........|
2|.........|
3|.........|
4|.........|
5|.........|
6|.........|
7|.........|
8|.........|
9|.........|
—│—————————│
Set/unset mines marks or claim a cell as free: > 6 3 free
 │123456789│
—│—————————│
1|/////////|
2|/////////|
3|/////////|
4|/////////|
5|/////////|
6|/////////|
7|/////////|
8|///111///|
9|///1.1///|
—│—————————│
Congratulations! You found all mines!
?[1;31m
Start test 5?[0m
How many mines do you want on the field? > 1
 │123456789│
—│—————————│
1|.........|
2|.........|
3|.........|
4|.........|
5|.........|
6|.........|
7|.........|
8|.........|
9|.........|
—│—————————│
Set/unset mines marks or claim a cell as free: > 7 3 mine
 │123456789│
—│—————————│
1|.........|
2|.........|
3|......*..|
4|.........|
5|.........|
6|.........|
7|.........|
8|.........|
9|.........|
—│—————————│
Set/unset mines marks or claim a cell as free: > 6 1 free
 │123456789│
—│—————————│
1|/////////|
2|/////////|
3|/////////|
4|111//////|
5|..1//////|
6|111//////|
7|/////////|
8|/////////|
9|/////////|
—│—————————│
Set/unset mines marks or claim a cell as free: > 2 5 free
 │123456789│
—│—————————│
1|/////////|
2|/////////|
3|/////////|
4|111//////|
5|.X1//////|
6|111//////|
7|/////////|
8|/////////|
9|/////////|
—│—————————│
You stepped on a mine and failed!
?[1;31m
Start test 6?[0m
How many mines do you want on the field? > 1
 │123456789│
—│—————————│
1|.........|
2|.........|
3|.........|
4|.........|
5|.........|
6|.........|
7|.........|
8|.........|
9|.........|
—│—————————│
Set/unset mines marks or claim a cell as free: > 6 2 mine
 │123456789│
—│—————————│
1|.........|
2|.....*...|
3|.........|
4|.........|
5|.........|
6|.........|
7|.........|
8|.........|
9|.........|
—│—————————│
Set/unset mines marks or claim a cell as free: > 6 2 mine
 │123456789│
—│—————————│
1|.........|
2|.........|
3|.........|
4|.........|
5|.........|
6|.........|
7|.........|
8|.........|
9|.........|
—│—————————│
Set/unset mines marks or claim a cell as free: > 4 3 free
 │123456789│
—│—————————│
1|/////////|
2|/////////|
3|/////////|
4|/////////|
5|/////////|
6|/////////|
7|////111//|
8|////1.1//|
9|////1.1//|
—│—————————│
Set/unset mines marks or claim a cell as free: > 6 8 free
 │123456789│
—│—————————│
1|/////////|
2|/////////|
3|/////////|
4|/////////|
5|/////////|
6|/////////|
7|////111//|
8|////1X1//|
9|////1.1//|
—│—————————│
You stepped on a mine and failed!
?[1;31m
Start test 7?[0m
How many mines do you want on the field? > 1
 │123456789│
—│—————————│
1|.........|
2|.........|
3|.........|
4|.........|
5|.........|
6|.........|
7|.........|
8|.........|
9|.........|
—│—————————│
Set/unset mines marks or claim a cell as free: > 3 3 free
 │123456789│
—│—————————│
1|/////////|
2|/////////|
3|11///////|
4|.1///////|
5|11///////|
6|/////////|
7|/////////|
8|/////////|
9|/////////|
—│—————————│
Congratulations! You found all mines!
?[1;31m
Start test 8?[0m
How many mines do you want on the field? > 1
 │123456789│
—│—————————│
1|.........|
2|.........|
3|.........|
4|.........|
5|.........|
6|.........|
7|.........|
8|.........|
9|.........|
—│—————————│
Set/unset mines marks or claim a cell as free: > 9 3 free
 │123456789│
—│—————————│
1|/////////|
2|/////////|
3|/////////|
4|/////////|
5|/////////|
6|/////////|
7|11///////|
8|.1///////|
9|.1///////|
—│—————————│
Set/unset mines marks or claim a cell as free: > 1 9 free
 │123456789│
—│—————————│
1|/////////|
2|/////////|
3|/////////|
4|/////////|
5|/////////|
6|/////////|
7|11///////|
8|.1///////|
9|11///////|
—│—————————│
Congratulations! You found all mines!
?[1;31m
Start test 9?[0m
How many mines do you want on the field? > 1
 │123456789│
—│—————————│
1|.........|
2|.........|
3|.........|
4|.........|
5|.........|
6|.........|
7|.........|
8|.........|
9|.........|
—│—————————│
Set/unset mines marks or claim a cell as free: > 9 2 mine
 │123456789│
—│—————————│
1|.........|
2|........*|
3|.........|
4|.........|
5|.........|
6|.........|
7|.........|
8|.........|
9|.........|
—│—————————│
Set/unset mines marks or claim a cell as free: > 4 3 mine
 │123456789│
—│—————————│
1|.........|
2|........*|
3|...*.....|
4|.........|
5|.........|
6|.........|
7|.........|
8|.........|
9|.........|
—│—————————│
Set/unset mines marks or claim a cell as free: > 9 2 mine
 │123456789│
—│—————————│
1|.........|
2|.........|
3|...*.....|
4|.........|
5|.........|
6|.........|
7|.........|
8|.........|
9|.........|
—│—————————│
Set/unset mines marks or claim a cell as free: > 9 7 free
 │123456789│
—│—————————│
1|/1.1/////|
2|/1.1/////|
3|/111/////|
4|/////////|
5|/////////|
6|/////////|
7|/////////|
8|/////////|
9|/////////|
—│—————————│
Set/unset mines marks or claim a cell as free: > 3 2 free
 │123456789│
—│—————————│
1|/1.1/////|
2|/1X1/////|
3|/111/////|
4|/////////|
5|/////////|
6|/////////|
7|/////////|
8|/////////|
9|/////////|
—│—————————│
You stepped on a mine and failed!
?[1;31m
Start test 10?[0m
How many mines do you want on the field? > 1
 │123456789│
—│—————————│
1|.........|
2|.........|
3|.........|
4|.........|
5|.........|
6|.........|
7|.........|
8|.........|
9|.........|
—│—————————│
Set/unset mines marks or claim a cell as free: > 8 2 free
 │123456789│
—│—————————│
1|/////////|
2|/////////|
3|/////////|
4|///111///|
5|///1.1///|
6|///111///|
7|/////////|
8|/////////|
9|/////////|
—│—————————│
Congratulations! You found all mines!
?[1;31m
Start test 11?[0m
How many mines do you want on the field? > 1
 │123456789│
—│—————————│
1|.........|
2|.........|
3|.........|
4|.........|
5|.........|
6|.........|
7|.........|
8|.........|
9|.........|
—│—————————│
Set/unset mines marks or claim a cell as free: > 1 9 free
 │123456789│
—│—————————│
1|/////////|
2|/////////|
3|/////////|
4|/////////|
5|///////11|
6|///////1.|
7|///////11|
8|/////////|
9|/////////|
—│—————————│
Congratulations! You found all mines!
?[1;31m
Start test 12?[0m
How many mines do you want on the field? > 1
 │123456789│
—│—————————│
1|.........|
2|.........|
3|.........|
4|.........|
5|.........|
6|.........|
7|.........|
8|.........|
9|.........|
—│—————————│
Set/unset mines marks or claim a cell as free: > 8 2 free
 │123456789│
—│—————————│
1|/////////|
2|/////////|
3|/////////|
4|111//////|
5|..1//////|
6|111//////|
7|/////////|
8|/////////|
9|/////////|
—│—————————│
Set/unset mines marks or claim a cell as free: > 2 5 mine
 │123456789│
—│—————————│
1|/////////|
2|/////////|
3|/////////|
4|111//////|
5|.*1//////|
6|111//////|
7|/////////|
8|/////////|
9|/////////|
—│—————————│
Congratulations! You found all mines!
?[1;31m
Start test 13?[0m
How many mines do you want on the field? > 1
 │123456789│
—│—————————│
1|.........|
2|.........|
3|.........|
4|.........|
5|.........|
6|.........|
7|.........|
8|.........|
9|.........|
—│—————————│
Set/unset mines marks or claim a cell as free: > 3 4 free
 │123456789│
—│—————————│
1|/////////|
2|/////////|
3|/////////|
4|/////////|
5|/////////|
6|//111////|
7|//1.1////|
8|//111////|
9|/////////|
—│—————————│
Congratulations! You found all mines!
?[1;31m
Start test 14?[0m
How many mines do you want on the field? > 1
 │123456789│
—│—————————│
1|.........|
2|.........|
3|.........|
4|.........|
5|.........|
6|.........|
7|.........|
8|.........|
9|.........|
—│—————————│
Set/unset mines marks or claim a cell as free: > 3 4 free
 │123456789│
—│—————————│
1|///1.1///|
2|///1.1///|
3|///111///|
4|/////////|
5|/////////|
6|/////////|
7|/////////|
8|/////////|
9|/////////|
—│—————————│
Set/unset mines marks or claim a cell as free: > 5 1 free
 │123456789│
—│—————————│
1|///111///|
2|///1.1///|
3|///111///|
4|/////////|
5|/////////|
6|/////////|
7|/////////|
8|/////////|
9|/////////|
—│—————————│
Congratulations! You found all mines!
?[1;31m
Start test 15?[0m
How many mines do you want on the field? > 1
 │123456789│
—│—————————│
1|.........|
2|.........|
3|.........|
4|.........|
5|.........|
6|.........|
7|.........|
8|.........|
9|.........|
—│—————————│
Set/unset mines marks or claim a cell as free: > 9 6 free
 │123456789│
—│—————————│
1|/////////|
2|/////////|
3|/////////|
4|////111//|
5|////1.1//|
6|////111//|
7|/////////|
8|/////////|
9|/////////|
—│—————————│
Congratulations! You found all mines!
?[1;31m
Start test 16?[0m
How many mines do you want on the field? > 1
 │123456789│
—│—————————│
1|.........|
2|.........|
3|.........|
4|.........|
5|.........|
6|.........|
7|.........|
8|.........|
9|.........|
—│—————————│
Set/unset mines marks or claim a cell as free: > 9 1 free
 │123456789│
—│—————————│
1|/////////|
2|//111////|
3|//1.1////|
4|//111////|
5|/////////|
6|/////////|
7|/////////|
8|/////////|
9|/////////|
—│—————————│
Congratulations! You found all mines!
?[1;31m
Start test 17?[0m
How many mines do you want on the field? > 1
 │123456789│
—│—————————│
1|.........|
2|.........|
3|.........|
4|.........|
5|.........|
6|.........|
7|.........|
8|.........|
9|.........|
—│—————————│
Set/unset mines marks or claim a cell as free: > 3 5 free
 │123456789│
—│—————————│
1|/////////|
2|//111////|
3|//1.1////|
4|//111////|
5|/////////|
6|/////////|
7|/////////|
8|/////////|
9|/////////|
—│—————————│
Congratulations! You found all mines!
?[1;31m
Start test 18?[0m
How many mines do you want on the field? > 1
 │123456789│
—│—————————│
1|.........|
2|.........|
3|.........|
4|.........|
5|.........|
6|.........|
7|.........|
8|.........|
9|.........|
—│—————————│
Set/unset mines marks or claim a cell as free: > 6 1 free
 │123456789│
—│—————————│
1|/////////|
2|/////////|
3|/////////|
4|/////////|
5|/////////|
6|/////////|
7|/////////|
8|//////111|
9|//////1..|
—│—————————│
Set/unset mines marks or claim a cell as free: > 8 9 mine
 │123456789│
—│—————————│
1|/////////|
2|/////////|
3|/////////|
4|/////////|
5|/////////|
6|/////////|
7|/////////|
8|//////111|
9|//////1*.|
—│—————————│
Congratulations! You found all mines!
?[1;31m
Start test 19?[0m
How many mines do you want on the field? > 1
 │123456789│
—│—————————│
1|.........|
2|.........|
3|.........|
4|.........|
5|.........|
6|.........|
7|.........|
8|.........|
9|.........|
—│—————————│
Set/unset mines marks or claim a cell as free: > 2 9 free
 │123456789│
—│—————————│
1|/////////|
2|///111///|
3|///1.1///|
4|///111///|
5|/////////|
6|/////////|
7|/////////|
8|/////////|
9|/////////|
—│—————————│
Congratulations! You found all mines!
?[1;31m
Start test 20?[0m
How many mines do you want on the field? > 1
 │123456789│
—│—————————│
1|.........|
2|.........|
3|.........|
4|.........|
5|.........|
6|.........|
7|.........|
8|.........|
9|.........|
—│—————————│
Set/unset mines marks or claim a cell as free: > 8 8 free
 │123456789│
—│—————————│
1|/////////|
2|/////////|
3|///////11|
4|///////1.|
5|///////11|
6|/////////|
7|/////////|
8|/////////|
9|/////////|
—│—————————│
Congratulations! You found all mines!
?[1;31m
Start test 21?[0m
How many mines do you want on the field? > 2
 │123456789│
—│—————————│
1|.........|
2|.........|
3|.........|
4|.........|
5|.........|
6|.........|
7|.........|
8|.........|
9|.........|
—│—————————│
Set/unset mines marks or claim a cell as free: > 3 5 free
 │123456789│
—│—————————│
1|.........|
2|.........|
3|.........|
4|.........|
5|..1......|
6|.........|
7|.........|
8|.........|
9|.........|
—│—————————│
Set/unset mines marks or claim a cell as free: > 2 8 mine
 │123456789│
—│—————————│
1|.........|
2|.........|
3|.........|
4|.........|
5|..1......|
6|.........|
7|.........|
8|.*.......|
9|.........|
—│—————————│
Set/unset mines marks or claim a cell as free: > 1 2 free
 │123456789│
—│—————————│
1|////1.1//|
2|////1.1//|
3|////111//|
4|111//////|
5|..1//////|
6|111//////|
7|/////////|
8|/////////|
9|/////////|
—│—————————│
Set/unset mines marks or claim a cell as free: > 1 5 free
 │123456789│
—│—————————│
1|////1.1//|
2|////1.1//|
3|////111//|
4|111//////|
5|1.1//////|
6|111//////|
7|/////////|
8|/////////|
9|/////////|
—│—————————│
Set/unset mines marks or claim a cell as free: > 6 2 mine
 │123456789│
—│—————————│
1|////1.1//|
2|////1*1//|
3|////111//|
4|111//////|
5|1.1//////|
6|111//////|
7|/////////|
8|/////////|
9|/////////|
—│—————————│
Set/unset mines marks or claim a cell as free: > 6 2 mine
 │123456789│
—│—————————│
1|////1.1//|
2|////1.1//|
3|////111//|
4|111//////|
5|1.1//////|
6|111//////|
7|/////////|
8|/////////|
9|/////////|
—│—————————│
Set/unset mines marks or claim a cell as free: > 2 5 mine
 │123456789│
—│—————————│
1|////1.1//|
2|////1.1//|
3|////111//|
4|111//////|
5|1*1//////|
6|111//////|
7|/////////|
8|/////////|
9|/////////|
—│—————————│
Set/unset mines marks or claim a cell as free: > 6 1 free
 │123456789│
—│—————————│
1|////111//|
2|////1.1//|
3|////111//|
4|111//////|
5|1*1//////|
6|111//////|
7|/////////|
8|/////////|
9|/////////|
—│—————————│
Congratulations! You found all mines!
?[1;31m
Start test 22?[0m
How many mines do you want on the field? > 2
 │123456789│
—│—————————│
1|.........|
2|.........|
3|.........|
4|.........|
5|.........|
6|.........|
7|.........|
8|.........|
9|.........|
—│—————————│
Set/unset mines marks or claim a cell as free: > 4 5 free
 │123456789│
—│—————————│
1|.........|
2|.........|
3|.........|
4|.........|
5|...1.....|
6|.........|
7|.........|
8|.........|
9|.........|
—│—————————│
Set/unset mines marks or claim a cell as free: > 7 9 free
 │123456789│
—│—————————│
1|/////////|
2|/////////|
3|//111////|
4|//1.1////|
5|//111////|
6|/////////|
7|/111/////|
8|/1.1/////|
9|/1.1/////|
—│—————————│
Set/unset mines marks or claim a cell as free: > 3 9 mine
 │123456789│
—│—————————│
1|/////////|
2|/////////|
3|//111////|
4|//1.1////|
5|//111////|
6|/////////|
7|/111/////|
8|/1.1/////|
9|/1*1/////|
—│—————————│
Set/unset mines marks or claim a cell as free: > 3 8 mine
 │123456789│
—│—————————│
1|/////////|
2|/////////|
3|//111////|
4|//1.1////|
5|//111////|
6|/////////|
7|/111/////|
8|/1*1/////|
9|/1*1/////|
—│—————————│
Set/unset mines marks or claim a cell as free: > 3 9 mine
 │123456789│
—│—————————│
1|/////////|
2|/////////|
3|//111////|
4|//1.1////|
5|//111////|
6|/////////|
7|/111/////|
8|/1*1/////|
9|/1.1/////|
—│—————————│
Set/unset mines marks or claim a cell as free: > 3 8 mine
 │123456789│
—│—————————│
1|/////////|
2|/////////|
3|//111////|
4|//1.1////|
5|//111////|
6|/////////|
7|/111/////|
8|/1.1/////|
9|/1.1/////|
—│—————————│
Set/unset mines marks or claim a cell as free: > 3 9 free
 │123456789│
—│—————————│
1|/////////|
2|/////////|
3|//111////|
4|//1.1////|
5|//111////|
6|/////////|
7|/111/////|
8|/1.1/////|
9|/111/////|
—│—————————│
Congratulations! You found all mines!
?[1;31m
Start test 23?[0m
How many mines do you want on the field? > 2
 │123456789│
—│—————————│
1|.........|
2|.........|
3|.........|
4|.........|
5|.........|
6|.........|
7|.........|
8|.........|
9|.........|
—│—————————│
Set/unset mines marks or claim a cell as free: > 5 1 mine
 │123456789│
—│—————————│
1|....*....|
2|.........|
3|.........|
4|.........|
5|.........|
6|.........|
7|.........|
8|.........|
9|.........|
—│—————————│
Set/unset mines marks or claim a cell as free: > 9 6 free
 │123456789│
—│—————————│
1|/////////|
2|/111/////|
3|/1.1/////|
4|/111/////|
5|/////////|
6|/////////|
7|///////11|
8|///////1.|
9|///////1.|
—│—————————│
Set/unset mines marks or claim a cell as free: > 3 3 free
 │123456789│
—│—————————│
1|/////////|
2|/111/////|
3|/1X1/////|
4|/111/////|
5|/////////|
6|/////////|
7|///////11|
8|///////1X|
9|///////1.|
—│—————————│
You stepped on a mine and failed!
?[1;31m
Start test 24?[0m
How many mines do you want on the field? > 2
 │123456789│
—│—————————│
1|.........|
2|.........|
3|.........|
4|.........|
5|.........|
6|.........|
7|.........|
8|.........|
9|.........|
—│—————————│
Set/unset mines marks or claim a cell as free: > 9 9 free
 │123456789│
—│—————————│
1|//////1..|
2|//////2..|
3|//////1..|
4|//////111|
5|/////////|
6|/////////|
7|/////////|
8|/////////|
9|/////////|
—│—————————│
Set/unset mines marks or claim a cell as free: > 8 1 free
 │123456789│
—│—————————│
1|//////1X.|
2|//////2..|
3|//////1X.|
4|//////111|
5|/////////|
6|/////////|
7|/////////|
8|/////////|
9|/////////|
—│—————————│
You stepped on a mine and failed!
?[1;31m
Start test 25?[0m
How many mines do you want on the field? > 2
 │123456789│
—│—————————│
1|.........|
2|.........|
3|.........|
4|.........|
5|.........|
6|.........|
7|.........|
8|.........|
9|.........|
—│—————————│
Set/unset mines marks or claim a cell as free: > 4 6 free
 │123456789│
—│—————————│
1|.........|
2|.........|
3|.........|
4|.........|
5|.........|
6|...1.....|
7|.........|
8|.........|
9|.........|
—│—————————│
Set/unset mines marks or claim a cell as free: > 7 3 free
 │123456789│
—│—————————│
1|/////////|
2|/////////|
3|//111////|
4|//1.21///|
5|//12.1///|
6|///111///|
7|/////////|
8|/////////|
9|/////////|
—│—————————│
Congratulations! You found all mines!
?[1;31m
Start test 26?[0m
How many mines do you want on the field? > 2
 │123456789│
—│—————————│
1|.........|
2|.........|
3|.........|
4|.........|
5|.........|
6|.........|
7|.........|
8|.........|
9|.........|
—│—————————│
Set/unset mines marks or claim a cell as free: > 3 8 free
 │123456789│
—│—————————│
1|/////////|
2|/////////|
3|/////////|
4|/////////|
5|/111/////|
6|12.1/////|
7|.211/////|
8|11///////|
9|/////////|
—│—————————│
Congratulations! You found all mines!
?[1;31m
Start test 27?[0m
How many mines do you want on the field? > 2
 │123456789│
—│—————————│
1|.........|
2|.........|
3|.........|
4|.........|
5|.........|
6|.........|
7|.........|
8|.........|
9|.........|
—│—————————│
Set/unset mines marks or claim a cell as free: > 3 1 mine
 │123456789│
—│—————————│
1|..*......|
2|.........|
3|.........|
4|.........|
5|.........|
6|.........|
7|.........|
8|.........|
9|.........|
—│—————————│
Set/unset mines marks or claim a cell as free: > 4 7 free
 │123456789│
—│—————————│
1|..*.1////|
2|....1////|
3|..211////|
4|..1//////|
5|111//////|
6|/////////|
7|/////////|
8|/////////|
9|/////////|
—│—————————│
Set/unset mines marks or claim a cell as free: > 2 1 free
 │123456789│
—│—————————│
1|//1.1////|
2|//1.1////|
3|11211////|
4|..1//////|
5|111//////|
6|/////////|
7|/////////|
8|/////////|
9|/////////|
—│—————————│
Set/unset mines marks or claim a cell as free: > 1 4 free
 │123456789│
—│—————————│
1|//1.1////|
2|//1.1////|
3|11211////|
4|1.1//////|
5|111//////|
6|/////////|
7|/////////|
8|/////////|
9|/////////|
—│—————————│
Set/unset mines marks or claim a cell as free: > 4 1 free
 │123456789│
—│—————————│
1|//111////|
2|//1.1////|
3|11211////|
4|1.1//////|
5|111//////|
6|/////////|
7|/////////|
8|/////////|
9|/////////|
—│—————————│
Congratulations! You found all mines!
?[1;31m
Start test 28?[0m
How many mines do you want on the field? > 2
 │123456789│
—│—————————│
1|.........|
2|.........|
3|.........|
4|.........|
5|.........|
6|.........|
7|.........|
8|.........|
9|.........|
—│—————————│
Set/unset mines marks or claim a cell as free: > 5 1 mine
 │123456789│
—│—————————│
1|....*....|
2|.........|
3|.........|
4|.........|
5|.........|
6|.........|
7|.........|
8|.........|
9|.........|
—│—————————│
Set/unset mines marks or claim a cell as free: > 8 9 free
 │123456789│
—│—————————│
1|/////////|
2|11///////|
3|.1////111|
4|11////1..|
5|//////111|
6|/////////|
7|/////////|
8|/////////|
9|/////////|
—│—————————│
Set/unset mines marks or claim a cell as free: > 9 4 mine
 │123456789│
—│—————————│
1|/////////|
2|11///////|
3|.1////111|
4|11////1.*|
5|//////111|
6|/////////|
7|/////////|
8|/////////|
9|/////////|
—│—————————│
Set/unset mines marks or claim a cell as free: > 8 4 mine
 │123456789│
—│—————————│
1|/////////|
2|11///////|
3|.1////111|
4|11////1**|
5|//////111|
6|/////////|
7|/////////|
8|/////////|
9|/////////|
—│—————————│
Set/unset mines marks or claim a cell as free: > 8 4 mine
 │123456789│
—│—————————│
1|/////////|
2|11///////|
3|.1////111|
4|11////1.*|
5|//////111|
6|/////////|
7|/////////|
8|/////////|
9|/////////|
—│—————————│
Set/unset mines marks or claim a cell as free: > 8 4 free
 │123456789│
—│—————————│
1|/////////|
2|11///////|
3|X1////111|
4|11////1X*|
5|//////111|
6|/////////|
7|/////////|
8|/////////|
9|/////////|
—│—————————│
You stepped on a mine and failed!
?[1;31m
Start test 29?[0m
How many mines do you want on the field? > 2
 │123456789│
—│—————————│
1|.........|
2|.........|
3|.........|
4|.........|
5|.........|
6|.........|
7|.........|
8|.........|
9|.........|
—│—————————│
Set/unset mines marks or claim a cell as free: > 6 3 free
 │123456789│
—│—————————│
1|/////////|
2|11///////|
3|.2///////|
4|.2///////|
5|11///////|
6|/////////|
7|/////////|
8|/////////|
9|/////////|
—│—————————│
Congratulations! You found all mines!
?[1;31m
Start test 30?[0m
How many mines do you want on the field? > 2
 │123456789│
—│—————————│
1|.........|
2|.........|
3|.........|
4|.........|
5|.........|
6|.........|
7|.........|
8|.........|
9|.........|
—│—————————│
Set/unset mines marks or claim a cell as free: > 9 7 free
 │123456789│
—│—————————│
1|/////////|
2|/////////|
3|11///////|
4|.1///////|
5|11///111/|
6|/////1.1/|
7|/////111/|
8|/////////|
9|/////////|
—│—————————│
Congratulations! You found all mines!
?[1;31m
Start test 31?[0m
How many mines do you want on the field? > 2
 │123456789│
—│—————————│
1|.........|
2|.........|
3|.........|
4|.........|
5|.........|
6|.........|
7|.........|
8|.........|
9|.........|
—│—————————│
Set/unset mines marks or claim a cell as free: > 6 9 free
 │123456789│
—│—————————│
1|/////////|
2|/////////|
3|/////////|
4|/////////|
5|/////////|
6|221//////|
7|..1//////|
8|221//////|
9|/////////|
—│—————————│
Congratulations! You found all mines!
?[1;31m
Start test 32?[0m
How many mines do you want on the field? > 2
 │123456789│
—│—————————│
1|.........|
2|.........|
3|.........|
4|.........|
5|.........|
6|.........|
7|.........|
8|.........|
9|.........|
—│—————————│
Set/unset mines marks or claim a cell as free: > 8 2 free
 │123456789│
—│—————————│
1|..1//////|
2|..1//////|
3|111//////|
4|/////////|
5|/////////|
6|/////////|
7|/////////|
8|/////////|
9|/////////|
—│—————————│
Set/unset mines marks or claim a cell as free: > 2 2 free
 │123456789│
—│—————————│
1|X.1//////|
2|.X1//////|
3|111//////|
4|/////////|
5|/////////|
6|/////////|
7|/////////|
8|/////////|
9|/////////|
—│—————————│
You stepped on a mine and failed!
?[1;31m
Start test 33?[0m
How many mines do you want on the field? > 2
 │123456789│
—│—————————│
1|.........|
2|.........|
3|.........|
4|.........|
5|.........|
6|.........|
7|.........|
8|.........|
9|.........|
—│—————————│
Set/unset mines marks or claim a cell as free: > 7 7 free
 │123456789│
—│—————————│
1|/////////|
2|/////////|
3|/////////|
4|///////11|
5|///////1.|
6|///111/11|
7|///1.1///|
8|///111///|
9|/////////|
—│—————————│
Congratulations! You found all mines!
?[1;31m
Start test 34?[0m
How many mines do you want on the field? > 2
 │123456789│
—│—————————│
1|.........|
2|.........|
3|.........|
4|.........|
5|.........|
6|.........|
7|.........|
8|.........|
9|.........|
—│—————————│
Set/unset mines marks or claim a cell as free: > 4 4 free
 │123456789│
—│—————————│
1|.........|
2|.........|
3|.........|
4|...1.....|
5|.........|
6|.........|
7|.........|
8|.........|
9|.........|
—│—————————│
Set/unset mines marks or claim a cell as free: > 9 6 free
 │123456789│
—│—————————│
1|/////////|
2|/////////|
3|1211/////|
4|...1/////|
5|1211/////|
6|/////////|
7|/////////|
8|/////////|
9|/////////|
—│—————————│
Set/unset mines marks or claim a cell as free: > 1 4 free
 │123456789│
—│—————————│
1|/////////|
2|/////////|
3|1211/////|
4|X.X1/////|
5|1211/////|
6|/////////|
7|/////////|
8|/////////|
9|/////////|
—│—————————│
You stepped on a mine and failed!
?[1;31m
Start test 35?[0m
How many mines do you want on the field? > 2
 │123456789│
—│—————————│
1|.........|
2|.........|
3|.........|
4|.........|
5|.........|
6|.........|
7|.........|
8|.........|
9|.........|
—│—————————│
Set/unset mines marks or claim a cell as free: > 3 3 free
 │123456789│
—│—————————│
1|.........|
2|.........|
3|..1......|
4|.........|
5|.........|
6|.........|
7|.........|
8|.........|
9|.........|
—│—————————│
Set/unset mines marks or claim a cell as free: > 7 6 mine
 │123456789│
—│—————————│
1|.........|
2|.........|
3|..1......|
4|.........|
5|.........|
6|......*..|
7|.........|
8|.........|
9|.........|
—│—————————│
Set/unset mines marks or claim a cell as free: > 7 5 mine
 │123456789│
—│—————————│
1|.........|
2|.........|
3|..1......|
4|.........|
5|......*..|
6|......*..|
7|.........|
8|.........|
9|.........|
—│—————————│
Set/unset mines marks or claim a cell as free: > 8 8 mine
 │123456789│
—│—————————│
1|.........|
2|.........|
3|..1......|
4|.........|
5|......*..|
6|......*..|
7|.........|
8|.......*.|
9|.........|
—│—————————│
Set/unset mines marks or claim a cell as free: > 9 7 mine
 │123456789│
—│—————————│
1|.........|
2|.........|
3|..1......|
4|.........|
5|......*..|
6|......*..|
7|........*|
8|.......*.|
9|.........|
—│—————————│
Set/unset mines marks or claim a cell as free: > 7 5 mine
 │123456789│
—│—————————│
1|.........|
2|.........|
3|..1......|
4|.........|
5|.........|
6|......*..|
7|........*|
8|.......*.|
9|.........|
—│—————————│
Set/unset mines marks or claim a cell as free: > 2 5 free
 │123456789│
—│—————————│
1|/////////|
2|//111////|
3|//1.1//11|
4|//111//1.|
5|///////11|
6|/////////|
7|/////////|
8|/////////|
9|/////////|
—│—————————│
Congratulations! You found all mines!
?[1;31m
Start test 36?[0m
How many mines do you want on the field? > 2
 │123456789│
—│—————————│
1|.........|
2|.........|
3|.........|
4|.........|
5|.........|
6|.........|
7|.........|
8|.........|
9|.........|
—│—————————│
Set/unset mines marks or claim a cell as free: > 8 1 mine
 │123456789│
—│—————————│
1|.......*.|
2|.........|
3|.........|
4|.........|
5|.........|
6|.........|
7|.........|
8|.........|
9|.........|
—│—————————│
Set/unset mines marks or claim a cell as free: > 8 1 mine
 │123456789│
—│—————————│
1|.........|
2|.........|
3|.........|
4|.........|
5|.........|
6|.........|
7|.........|
8|.........|
9|.........|
—│—————————│
Set/unset mines marks or claim a cell as free: > 6 3 free
 │123456789│
—│—————————│
1|////1.1//|
2|////111//|
3|/////////|
4|/////////|
5|/////////|
6|/////////|
7|/111/////|
8|/1.1/////|
9|/1.1/////|
—│—————————│
Set/unset mines marks or claim a cell as free: > 6 1 free
 │123456789│
—│—————————│
1|////1X1//|
2|////111//|
3|/////////|
4|/////////|
5|/////////|
6|/////////|
7|/111/////|
8|/1X1/////|
9|/1.1/////|
—│—————————│
You stepped on a mine and failed!
?[1;31m
Start test 37?[0m
How many mines do you want on the field? > 2
 │123456789│
—│—————————│
1|.........|
2|.........|
3|.........|
4|.........|
5|.........|
6|.........|
7|.........|
8|.........|
9|.........|
—│—————————│
Set/unset mines marks or claim a cell as free: > 8 1 free
 │123456789│
—│—————————│
1|/////////|
2|/////////|
3|/111/////|
4|/1.1/////|
5|/111/////|
6|/////////|
7|/111/////|
8|/1.1/////|
9|/1.1/////|
—│—————————│
Set/unset mines marks or claim a cell as free: > 3 8 free
 │123456789│
—│—————————│
1|/////////|
2|/////////|
3|/111/////|
4|/1X1/////|
5|/111/////|
6|/////////|
7|/111/////|
8|/1X1/////|
9|/1.1/////|
—│—————————│
You stepped on a mine and failed!
?[1;31m
Start test 38?[0m
How many mines do you want on the field? > 2
 │123456789│
—│—————————│
1|.........|
2|.........|
3|.........|
4|.........|
5|.........|
6|.........|
7|.........|
8|.........|
9|.........|
—│—————————│
Set/unset mines marks or claim a cell as free: > 2 7 mine
 │123456789│
—│—————————│
1|.........|
2|.........|
3|.........|
4|.........|
5|.........|
6|.........|
7|.*.......|
8|.........|
9|.........|
—│—————————│
Set/unset mines marks or claim a cell as free: > 4 3 free
 │123456789│
—│—————————│
1|//1.1////|
2|//111////|
3|/////////|
4|/////////|
5|/////////|
6|////111//|
7|////1.1//|
8|////111//|
9|/////////|
—│—————————│
Congratulations! You found all mines!
?[1;31m
Start test 39?[0m
How many mines do you want on the field? > 2
 │123456789│
—│—————————│
1|.........|
2|.........|
3|.........|
4|.........|
5|.........|
6|.........|
7|.........|
8|.........|
9|.........|
—│—————————│
Set/unset mines marks or claim a cell as free: > 6 3 free
 │123456789│
—│—————————│
1|/////////|
2|///////11|
3|///////1.|
4|///////1.|
5|//////11.|
6|//////1..|
7|//////111|
8|/////////|
9|/////////|
—│—————————│
Set/unset mines marks or claim a cell as free: > 9 6 free
 │123456789│
—│—————————│
1|/////////|
2|///////11|
3|///////1.|
4|///////1.|
5|//////11.|
6|//////1.1|
7|//////111|
8|/////////|
9|/////////|
—│—————————│
Set/unset mines marks or claim a cell as free: > 9 5 free
 │123456789│
—│—————————│
1|/////////|
2|///////11|
3|///////1.|
4|///////1.|
5|//////111|
6|//////1.1|
7|//////111|
8|/////////|
9|/////////|
—│—————————│
Set/unset mines marks or claim a cell as free: > 8 6 free
 │123456789│
—│—————————│
1|/////////|
2|///////11|
3|///////1X|
4|///////1.|
5|//////111|
6|//////1X1|
7|//////111|
8|/////////|
9|/////////|
—│—————————│
You stepped on a mine and failed!
?[1;31m
Start test 40?[0m
How many mines do you want on the field? > 2
 │123456789│
—│—————————│
1|.........|
2|.........|
3|.........|
4|.........|
5|.........|
6|.........|
7|.........|
8|.........|
9|.........|
—│—————————│
Set/unset mines marks or claim a cell as free: > 2 9 free
 │123456789│
—│—————————│
1|/////////|
2|/////111/|
3|/////1.1/|
4|/////111/|
5|/////////|
6|/////////|
7|///////11|
8|///////1.|
9|///////1.|
—│—————————│
Set/unset mines marks or claim a cell as free: > 9 8 free
 │123456789│
—│—————————│
1|/////////|
2|/////111/|
3|/////1X1/|
4|/////111/|
5|/////////|
6|/////////|
7|///////11|
8|///////1X|
9|///////1.|
—│—————————│
You stepped on a mine and failed!
?[1;31m
Start test 41?[0m
How many mines do you want on the field? > 3
 │123456789│
—│—————————│
1|.........|
2|.........|
3|.........|
4|.........|
5|.........|
6|.........|
7|.........|
8|.........|
9|.........|
—│—————————│
Set/unset mines marks or claim a cell as free: > 4 5 mine
 │123456789│
—│—————————│
1|.........|
2|.........|
3|.........|
4|.........|
5|...*.....|
6|.........|
7|.........|
8|.........|
9|.........|
—│—————————│
Set/unset mines marks or claim a cell as free: > 4 5 mine
 │123456789│
—│—————————│
1|.........|
2|.........|
3|.........|
4|.........|
5|.........|
6|.........|
7|.........|
8|.........|
9|.........|
—│—————————│
Set/unset mines marks or claim a cell as free: > 2 9 free
 │123456789│
—│—————————│
1|.........|
2|.........|
3|.........|
4|.........|
5|.........|
6|.........|
7|.........|
8|.........|
9|.1.......|
—│—————————│
Set/unset mines marks or claim a cell as free: > 9 8 free
 │123456789│
—│—————————│
1|..1//////|
2|..1//////|
3|..1//////|
4|..1//////|
5|..1//////|
6|..1//////|
7|..11/////|
8|...1/////|
9|.1.1/////|
—│—————————│
Set/unset mines marks or claim a cell as free: > 1 9 free
 │123456789│
—│—————————│
1|..1//////|
2|..1//////|
3|..1//////|
4|..1//////|
5|..1//////|
6|111//////|
7|/111/////|
8|/1.1/////|
9|/1.1/////|
—│—————————│
Set/unset mines marks or claim a cell as free: > 2 2 free
 │123456789│
—│—————————│
1|..1//////|
2|.X1//////|
3|..1//////|
4|..1//////|
5|.X1//////|
6|111//////|
7|/111/////|
8|/1X1/////|
9|/1.1/////|
—│—————————│
You stepped on a mine and failed!
?[1;31m
Start test 42?[0m
How many mines do you want on the field? > 3
 │123456789│
—│—————————│
1|.........|
2|.........|
3|.........|
4|.........|
5|.........|
6|.........|
7|.........|
8|.........|
9|.........|
—│—————————│
Set/unset mines marks or claim a cell as free: > 9 5 free
 │123456789│
—│—————————│
1|/////////|
2|11///////|
3|.1/111///|
4|11/1.1///|
5|///111///|
6|////111//|
7|////1.1//|
8|////111//|
9|/////////|
—│—————————│
Congratulations! You found all mines!
?[1;31m
Start test 43?[0m
How many mines do you want on the field? > 3
 │123456789│
—│—————————│
1|.........|
2|.........|
3|.........|
4|.........|
5|.........|
6|.........|
7|.........|
8|.........|
9|.........|
—│—————————│
Set/unset mines marks or claim a cell as free: > 2 5 free
 │123456789│
—│—————————│
1|/1.......|
2|/1111....|
3|////1....|
4|////111..|
5|//////1..|
6|//////1..|
7|//////111|
8|/////////|
9|/////////|
—│—————————│
Set/unset mines marks or claim a cell as free: > 9 3 free
 │123456789│
—│—————————│
1|/1.1/////|
2|/111111//|
3|////1.1//|
4|////111//|
5|//////111|
6|//////1..|
7|//////111|
8|/////////|
9|/////////|
—│—————————│
Set/unset mines marks or claim a cell as free: > 9 6 free
 │123456789│
—│—————————│
1|/1.1/////|
2|/111111//|
3|////1.1//|
4|////111//|
5|//////111|
6|//////1.1|
7|//////111|
8|/////////|
9|/////////|
—│—————————│
Congratulations! You found all mines!
?[1;31m
Start test 44?[0m
How many mines do you want on the field? > 3
 │123456789│
—│—————————│
1|.........|
2|.........|
3|.........|
4|.........|
5|.........|
6|.........|
7|.........|
8|.........|
9|.........|
—│—————————│
Set/unset mines marks or claim a cell as free: > 8 8 free
 │123456789│
—│—————————│
1|//////1..|
2|111///1..|
3|..1///111|
4|111//////|
5|/////////|
6|///111///|
7|///1.1///|
8|///111///|
9|/////////|
—│—————————│
Set/unset mines marks or claim a cell as free: > 1 3 free
 │123456789│
—│—————————│
1|//////1..|
2|111///1..|
3|1.1///111|
4|111//////|
5|/////////|
6|///111///|
7|///1.1///|
8|///111///|
9|/////////|
—│—————————│
Set/unset mines marks or claim a cell as free: > 2 3 mine
 │123456789│
—│—————————│
1|//////1..|
2|111///1..|
3|1*1///111|
4|111//////|
5|/////////|
6|///111///|
7|///1.1///|
8|///111///|
9|/////////|
—│—————————│
Set/unset mines marks or claim a cell as free: > 5 7 mine
 │123456789│
—│—————————│
1|//////1..|
2|111///1..|
3|1*1///111|
4|111//////|
5|/////////|
6|///111///|
7|///1*1///|
8|///111///|
9|/////////|
—│—————————│
Set/unset mines marks or claim a cell as free: > 9 1 free
 │123456789│
—│—————————│
1|//////1.1|
2|111///1..|
3|1*1///111|
4|111//////|
5|/////////|
6|///111///|
7|///1*1///|
8|///111///|
9|/////////|
—│—————————│
Set/unset mines marks or claim a cell as free: > 9 2 free
 │123456789│
—│—————————│
1|//////1.1|
2|111///1.1|
3|1*1///111|
4|111//////|
5|/////////|
6|///111///|
7|///1*1///|
8|///111///|
9|/////////|
—│—————————│
Set/unset mines marks or claim a cell as free: > 2 3 mine
 │123456789│
—│—————————│
1|//////1.1|
2|111///1.1|
3|1.1///111|
4|111//////|
5|/////////|
6|///111///|
7|///1*1///|
8|///111///|
9|/////////|
—│—————————│
Set/unset mines marks or claim a cell as free: > 8 2 free
 │123456789│
—│—————————│
1|//////1.1|
2|111///1X1|
3|1X1///111|
4|111//////|
5|/////////|
6|///111///|
7|///1X1///|
8|///111///|
9|/////////|
—│—————————│
You stepped on a mine and failed!
?[1;31m
Start test 45?[0m
How many mines do you want on the field? > 3
 │123456789│
—│—————————│
1|.........|
2|.........|
3|.........|
4|.........|
5|.........|
6|.........|
7|.........|
8|.........|
9|.........|
—│—————————│
Set/unset mines marks or claim a cell as free: > 2 5 free
 │123456789│
—│—————————│
1|/////////|
2|/////////|
3|/////////|
4|////111//|
5|////1.1//|
6|/112221//|
7|/1...1///|
8|/11211///|
9|/////////|
—│—————————│
Set/unset mines marks or claim a cell as free: > 4 7 free
 │123456789│
—│—————————│
1|/////////|
2|/////////|
3|/////////|
4|////111//|
5|////1.1//|
6|/112221//|
7|/1.2.1///|
8|/11211///|
9|/////////|
—│—————————│
Congratulations! You found all mines!
?[1;31m
Start test 46?[0m
How many mines do you want on the field? > 3
 │123456789│
—│—————————│
1|.........|
2|.........|
3|.........|
4|.........|
5|.........|
6|.........|
7|.........|
8|.........|
9|.........|
—│—————————│
Set/unset mines marks or claim a cell as free: > 9 5 free
 │123456789│
—│—————————│
1|.........|
2|.........|
3|.........|
4|.........|
5|........1|
6|.........|
7|.........|
8|.........|
9|.........|
—│—————————│
Set/unset mines marks or claim a cell as free: > 8 5 mine
 │123456789│
—│—————————│
1|.........|
2|.........|
3|.........|
4|.........|
5|.......*1|
6|.........|
7|.........|
8|.........|
9|.........|
—│—————————│
Set/unset mines marks or claim a cell as free: > 9 7 mine
 │123456789│
—│—————————│
1|.........|
2|.........|
3|.........|
4|.........|
5|.......*1|
6|.........|
7|........*|
8|.........|
9|.........|
—│—————————│
Set/unset mines marks or claim a cell as free: > 7 1 free
 │123456789│
—│—————————│
1|/////////|
2|///////11|
3|///////1.|
4|///////1.|
5|//111/111|
6|//1.1/1..|
7|//111/111|
8|/////////|
9|/////////|
—│—————————│
Set/unset mines marks or claim a cell as free: > 9 6 free
 │123456789│
—│—————————│
1|/////////|
2|///////11|
3|///////1.|
4|///////1.|
5|//111/111|
6|//1.1/1.1|
7|//111/111|
8|/////////|
9|/////////|
—│—————————│
Set/unset mines marks or claim a cell as free: > 8 6 free
 │123456789│
—│—————————│
1|/////////|
2|///////11|
3|///////1X|
4|///////1.|
5|//111/111|
6|//1X1/1X1|
7|//111/111|
8|/////////|
9|/////////|
—│—————————│
You stepped on a mine and failed!
?[1;31m
Start test 47?[0m
How many mines do you want on the field? > 3
 │123456789│
—│—————————│
1|.........|
2|.........|
3|.........|
4|.........|
5|.........|
6|.........|
7|.........|
8|.........|
9|.........|
—│—————————│
Set/unset mines marks or claim a cell as free: > 4 1 free
 │123456789│
—│—————————│
1|/////////|
2|/////////|
3|/////////|
4|111//////|
5|..1//////|
6|111////11|
7|/////112.|
8|/////1...|
9|/////1...|
—│—————————│
Set/unset mines marks or claim a cell as free: > 7 9 mine
 │123456789│
—│—————————│
1|/////////|
2|/////////|
3|/////////|
4|111//////|
5|..1//////|
6|111////11|
7|/////112.|
8|/////1...|
9|/////1*..|
—│—————————│
Set/unset mines marks or claim a cell as free: > 8 8 mine
 │123456789│
—│—————————│
1|/////////|
2|/////////|
3|/////////|
4|111//////|
5|..1//////|
6|111////11|
7|/////112.|
8|/////1.*.|
9|/////1*..|
—│—————————│
Set/unset mines marks or claim a cell as free: > 9 7 mine
 │123456789│
—│—————————│
1|/////////|
2|/////////|
3|/////////|
4|111//////|
5|..1//////|
6|111////11|
7|/////112*|
8|/////1.*.|
9|/////1*..|
—│—————————│
Set/unset mines marks or claim a cell as free: > 8 9 free
 │123456789│
—│—————————│
1|/////////|
2|/////////|
3|/////////|
4|111//////|
5|..1//////|
6|111////11|
7|/////112*|
8|/////1.*.|
9|/////1*1.|
—│—————————│
Set/unset mines marks or claim a cell as free: > 7 8 free
 │123456789│
—│—————————│
1|/////////|
2|/////////|
3|/////////|
4|111//////|
5|.X1//////|
6|111////11|
7|/////112X|
8|/////1X*.|
9|/////1*1.|
—│—————————│
You stepped on a mine and failed!
?[1;31m
Start test 48?[0m
How many mines do you want on the field? > 3
 │123456789│
—│—————————│
1|.........|
2|.........|
3|.........|
4|.........|
5|.........|
6|.........|
7|.........|
8|.........|
9|.........|
—│—————————│
Set/unset mines marks or claim a cell as free: > 9 6 free
 │123456789│
—│—————————│
1|/1.1/////|
2|/1.1/////|
3|/111/////|
4|/////////|
5|/////////|
6|/////111/|
7|/////1.1/|
8|/////2.2/|
9|/////1.1/|
—│—————————│
Set/unset mines marks or claim a cell as free: > 3 2 free
 │123456789│
—│—————————│
1|/1.1/////|
2|/1X1/////|
3|/111/////|
4|/////////|
5|/////////|
6|/////111/|
7|/////1X1/|
8|/////2.2/|
9|/////1X1/|
—│—————————│
You stepped on a mine and failed!
?[1;31m
Start test 49?[0m
How many mines do you want on the field? > 3
 │123456789│
—│—————————│
1|.........|
2|.........|
3|.........|
4|.........|
5|.........|
6|.........|
7|.........|
8|.........|
9|.........|
—│—————————│
Set/unset mines marks or claim a cell as free: > 1 4 mine
 │123456789│
—│—————————│
1|.........|
2|.........|
3|.........|
4|*........|
5|.........|
6|.........|
7|.........|
8|.........|
9|.........|
—│—————————│
Set/unset mines marks or claim a cell as free: > 1 4 mine
 │123456789│
—│—————————│
1|.........|
2|.........|
3|.........|
4|.........|
5|.........|
6|.........|
7|.........|
8|.........|
9|.........|
—│—————————│
Set/unset mines marks or claim a cell as free: > 4 5 mine
 │123456789│
—│—————————│
1|.........|
2|.........|
3|.........|
4|.........|
5|...*.....|
6|.........|
7|.........|
8|.........|
9|.........|
—│—————————│
Set/unset mines marks or claim a cell as free: > 1 1 mine
 │123456789│
—│—————————│
1|*........|
2|.........|
3|.........|
4|.........|
5|...*.....|
6|.........|
7|.........|
8|.........|
9|.........|
—│—————————│
Set/unset mines marks or claim a cell as free: > 9 9 mine
 │123456789│
—│—————————│
1|*........|
2|.........|
3|.........|
4|.........|
5|...*.....|
6|.........|
7|.........|
8|.........|
9|........*|
—│—————————│
Set/unset mines marks or claim a cell as free: > 9 5 free
 │123456789│
—│—————————│
1|*1///////|
2|11///////|
3|/////////|
4|//111////|
5|//1*211//|
6|//112.1//|
7|////111//|
8|/////////|
9|/////////|
—│—————————│
Congratulations! You found all mines!
?[1;31m
Start test 50?[0m
How many mines do you want on the field? > 3
 │123456789│
—│—————————│
1|.........|
2|.........|
3|.........|
4|.........|
5|.........|
6|.........|
7|.........|
8|.........|
9|.........|
—│—————————│
Set/unset mines marks or claim a cell as free: > 7 4 free
 │123456789│
—│—————————│
1|/////////|
2|/////////|
3|/////////|
4|/////////|
5|//111////|
6|//1.1////|
7|//111////|
8|221//////|
9|..1//////|
—│—————————│
Congratulations! You found all mines!
?[1;31m
Start test 51?[0m
How many mines do you want on the field? > 3
 │123456789│
—│—————————│
1|.........|
2|.........|
3|.........|
4|.........|
5|.........|
6|.........|
7|.........|
8|.........|
9|.........|
—│—————————│
Set/unset mines marks or claim a cell as free: > 6 7 free
 │123456789│
—│—————————│
1|/////////|
2|/////////|
3|/////////|
4|/////////|
5|111//////|
6|..1///122|
7|111///1..|
8|//////122|
9|/////////|
—│—————————│
Set/unset mines marks or claim a cell as free: > 9 7 free
 │123456789│
—│—————————│
1|/////////|
2|/////////|
3|/////////|
4|/////////|
5|111//////|
6|.X1///122|
7|111///1XX|
8|//////122|
9|/////////|
—│—————————│
You stepped on a mine and failed!
?[1;31m
Start test 52?[0m
How many mines do you want on the field? > 3
 │123456789│
—│—————————│
1|.........|
2|.........|
3|.........|
4|.........|
5|.........|
6|.........|
7|.........|
8|.........|
9|.........|
—│—————————│
Set/unset mines marks or claim a cell as free: > 7 1 free
 │123456789│
—│—————————│
1|/////////|
2|///111///|
3|///2.2///|
4|///2.2///|
5|///111///|
6|/////////|
7|///////11|
8|///////1.|
9|///////1.|
—│—————————│
Set/unset mines marks or claim a cell as free: > 5 4 mine
 │123456789│
—│—————————│
1|/////////|
2|///111///|
3|///2.2///|
4|///2*2///|
5|///111///|
6|/////////|
7|///////11|
8|///////1.|
9|///////1.|
—│—————————│
Set/unset mines marks or claim a cell as free: > 5 4 mine
 │123456789│
—│—————————│
1|/////////|
2|///111///|
3|///2.2///|
4|///2.2///|
5|///111///|
6|/////////|
7|///////11|
8|///////1.|
9|///////1.|
—│—————————│
Set/unset mines marks or claim a cell as free: > 5 3 free
 │123456789│
—│—————————│
1|/////////|
2|///111///|
3|///2X2///|
4|///2X2///|
5|///111///|
6|/////////|
7|///////11|
8|///////1X|
9|///////1.|
—│—————————│
You stepped on a mine and failed!
?[1;31m
Start test 53?[0m
How many mines do you want on the field? > 3
 │123456789│
—│—————————│
1|.........|
2|.........|
3|.........|
4|.........|
5|.........|
6|.........|
7|.........|
8|.........|
9|.........|
—│—————————│
Set/unset mines marks or claim a cell as free: > 2 7 free
 │123456789│
—│—————————│
1|///1.1///|
2|///111///|
3|111//////|
4|..1//////|
5|111//////|
6|/////////|
7|/////////|
8|/////111/|
9|/////1.1/|
—│—————————│
Set/unset mines marks or claim a cell as free: > 2 4 free
 │123456789│
—│—————————│
1|///1X1///|
2|///111///|
3|111//////|
4|.X1//////|
5|111//////|
6|/////////|
7|/////////|
8|/////111/|
9|/////1X1/|
—│—————————│
You stepped on a mine and failed!
?[1;31m
Start test 54?[0m
How many mines do you want on the field? > 3
 │123456789│
—│—————————│
1|.........|
2|.........|
3|.........|
4|.........|
5|.........|
6|.........|
7|.........|
8|.........|
9|.........|
—│—————————│
Set/unset mines marks or claim a cell as free: > 9 1 free
 │123456789│
—│—————————│
1|/////////|
2|////111//|
3|////1.1//|
4|////111//|
5|/////////|
6|////111//|
7|111/1.1//|
8|..1/111//|
9|..1//////|
—│—————————│
Set/unset mines marks or claim a cell as free: > 2 9 free
 │123456789│
—│—————————│
1|/////////|
2|////111//|
3|////1.1//|
4|////111//|
5|/////////|
6|////111//|
7|111/1.1//|
8|..1/111//|
9|.11//////|
—│—————————│
Set/unset mines marks or claim a cell as free: > 2 8 free
 │123456789│
—│—————————│
1|/////////|
2|////111//|
3|////1X1//|
4|////111//|
5|/////////|
6|////111//|
7|111/1X1//|
8|.X1/111//|
9|.11//////|
—│—————————│
You stepped on a mine and failed!
?[1;31m
Start test 55?[0m
How many mines do you want on the field? > 3
 │123456789│
—│—————————│
1|.........|
2|.........|
3|.........|
4|.........|
5|.........|
6|.........|
7|.........|
8|.........|
9|.........|
—│—————————│
Set/unset mines marks or claim a cell as free: > 2 6 free
 │123456789│
—│—————————│
1|.........|
2|.........|
3|.........|
4|.........|
5|.........|
6|.1.......|
7|.........|
8|.........|
9|.........|
—│—————————│
Set/unset mines marks or claim a cell as free: > 4 3 free
 │123456789│
—│—————————│
1|.........|
2|.........|
3|...1.....|
4|.........|
5|.........|
6|.1.......|
7|.........|
8|.........|
9|.........|
—│—————————│
Set/unset mines marks or claim a cell as free: > 5 1 mine
 │123456789│
—│—————————│
1|....*....|
2|.........|
3|...1.....|
4|.........|
5|.........|
6|.1.......|
7|.........|
8|.........|
9|.........|
—│—————————│
Set/unset mines marks or claim a cell as free: > 4 9 free
 │123456789│
—│—————————│
1|..1//////|
2|..1//////|
3|..1111///|
4|.....1///|
5|..1111///|
6|111//////|
7|/////////|
8|/////////|
9|/////////|
—│—————————│
Set/unset mines marks or claim a cell as free: > 2 1 free
 │123456789│
—│—————————│
1|.11//////|
2|..1//////|
3|..1111///|
4|.....1///|
5|..1111///|
6|111//////|
7|/////////|
8|/////////|
9|/////////|
—│—————————│
Set/unset mines marks or claim a cell as free: > 1 1 free
 │123456789│
—│—————————│
1|111//////|
2|..1//////|
3|..1111///|
4|.....1///|
5|..1111///|
6|111//////|
7|/////////|
8|/////////|
9|/////////|
—│—————————│
Set/unset mines marks or claim a cell as free: > 1 5 mine
 │123456789│
—│—————————│
1|111//////|
2|..1//////|
3|..1111///|
4|.....1///|
5|*.1111///|
6|111//////|
7|/////////|
8|/////////|
9|/////////|
—│—————————│
Set/unset mines marks or claim a cell as free: > 5 4 free
 │123456789│
—│—————————│
1|111//////|
2|.X1//////|
3|..1111///|
4|....X1///|
5|*X1111///|
6|111//////|
7|/////////|
8|/////////|
9|/////////|
—│—————————│
You stepped on a mine and failed!
?[1;31m
Start test 56?[0m
How many mines do you want on the field? > 3
 │123456789│
—│—————————│
1|.........|
2|.........|
3|.........|
4|.........|
5|.........|
6|.........|
7|.........|
8|.........|
9|.........|
—│—————————│
Set/unset mines marks or claim a cell as free: > 5 1 free
 │123456789│
—│—————————│
1|///////1.|
2|/////1121|
3|/////1.1/|
4|///11211/|
5|///1.1///|
6|///111///|
7|/////////|
8|/////////|
9|/////////|
—│—————————│
Congratulations! You found all mines!
?[1;31m
Start test 57?[0m
How many mines do you want on the field? > 3
 │123456789│
—│—————————│
1|.........|
2|.........|
3|.........|
4|.........|
5|.........|
6|.........|
7|.........|
8|.........|
9|.........|
—│—————————│
Set/unset mines marks or claim a cell as free: > 7 3 free
 │123456789│
—│—————————│
1|/////////|
2|/////////|
3|/111/////|
4|/1.1/////|
5|1221/////|
6|..2//////|
7|..2//////|
8|111//////|
9|/////////|
—│—————————│
Set/unset mines marks or claim a cell as free: > 1 7 free
 │123456789│
—│—————————│
1|/////////|
2|/////////|
3|/111/////|
4|/1.1/////|
5|1221/////|
6|..2//////|
7|2.2//////|
8|111//////|
9|/////////|
—│—————————│
Set/unset mines marks or claim a cell as free: > 1 6 free
 │123456789│
—│—————————│
1|/////////|
2|/////////|
3|/111/////|
4|/1.1/////|
5|1221/////|
6|2.2//////|
7|2.2//////|
8|111//////|
9|/////////|
—│—————————│
Congratulations! You found all mines!
?[1;31m
Start test 58?[0m
How many mines do you want on the field? > 3
 │123456789│
—│—————————│
1|.........|
2|.........|
3|.........|
4|.........|
5|.........|
6|.........|
7|.........|
8|.........|
9|.........|
—│—————————│
Set/unset mines marks or claim a cell as free: > 8 5 mine
 │123456789│
—│—————————│
1|.........|
2|.........|
3|.........|
4|.........|
5|.......*.|
6|.........|
7|.........|
8|.........|
9|.........|
—│—————————│
Set/unset mines marks or claim a cell as free: > 8 5 mine
 │123456789│
—│—————————│
1|.........|
2|.........|
3|.........|
4|.........|
5|.........|
6|.........|
7|.........|
8|.........|
9|.........|
—│—————————│
Set/unset mines marks or claim a cell as free: > 9 6 free
 │123456789│
—│—————————│
1|/1.1//1..|
2|/111//111|
3|/////////|
4|/////////|
5|/////////|
6|/////////|
7|////111//|
8|////1.1//|
9|////1.1//|
—│—————————│
Set/unset mines marks or claim a cell as free: > 8 1 mine
 │123456789│
—│—————————│
1|/1.1//1*.|
2|/111//111|
3|/////////|
4|/////////|
5|/////////|
6|/////////|
7|////111//|
8|////1.1//|
9|////1.1//|
—│—————————│
Set/unset mines marks or claim a cell as free: > 6 9 free
 │123456789│
—│—————————│
1|/1.1//1*.|
2|/111//111|
3|/////////|
4|/////////|
5|/////////|
6|/////////|
7|////111//|
8|////1.1//|
9|////111//|
—│—————————│
Set/unset mines marks or claim a cell as free: > 6 8 mine
 │123456789│
—│—————————│
1|/1.1//1*.|
2|/111//111|
3|/////////|
4|/////////|
5|/////////|
6|/////////|
7|////111//|
8|////1*1//|
9|////111//|
—│—————————│
Set/unset mines marks or claim a cell as free: > 8 1 mine
 │123456789│
—│—————————│
1|/1.1//1..|
2|/111//111|
3|/////////|
4|/////////|
5|/////////|
6|/////////|
7|////111//|
8|////1*1//|
9|////111//|
—│—————————│
Set/unset mines marks or claim a cell as free: > 6 8 mine
 │123456789│
—│—————————│
1|/1.1//1..|
2|/111//111|
3|/////////|
4|/////////|
5|/////////|
6|/////////|
7|////111//|
8|////1.1//|
9|////111//|
—│—————————│
Set/unset mines marks or claim a cell as free: > 8 1 free
 │123456789│
—│—————————│
1|/1X1//1X.|
2|/111//111|
3|/////////|
4|/////////|
5|/////////|
6|/////////|
7|////111//|
8|////1X1//|
9|////111//|
—│—————————│
You stepped on a mine and failed!
?[1;31m
Start test 59?[0m
How many mines do you want on the field? > 3
 │123456789│
—│—————————│
1|.........|
2|.........|
3|.........|
4|.........|
5|.........|
6|.........|
7|.........|
8|.........|
9|.........|
—│—————————│
Set/unset mines marks or claim a cell as free: > 1 7 mine
 │123456789│
—│—————————│
1|.........|
2|.........|
3|.........|
4|.........|
5|.........|
6|.........|
7|*........|
8|.........|
9|.........|
—│—————————│
Set/unset mines marks or claim a cell as free: > 1 7 mine
 │123456789│
—│—————————│
1|.........|
2|.........|
3|.........|
4|.........|
5|.........|
6|.........|
7|.........|
8|.........|
9|.........|
—│—————————│
Set/unset mines marks or claim a cell as free: > 7 3 free
 │123456789│
—│—————————│
1|/////////|
2|11///////|
3|.1///////|
4|11///111/|
5|/////2.2/|
6|/////2.2/|
7|/////111/|
8|/////////|
9|/////////|
—│—————————│
Congratulations! You found all mines!
?[1;31m
Start test 60?[0m
How many mines do you want on the field? > 3
 │123456789│
—│—————————│
1|.........|
2|.........|
3|.........|
4|.........|
5|.........|
6|.........|
7|.........|
8|.........|
9|.........|
—│—————————│
Set/unset mines marks or claim a cell as free: > 6 8 free
 │123456789│
—│—————————│
1|.........|
2|.........|
3|.........|
4|.........|
5|.........|
6|.........|
7|.........|
8|.....1...|
9|.........|
—│—————————│
Set/unset mines marks or claim a cell as free: > 7 7 free
 │123456789│
—│—————————│
1|.........|
2|.........|
3|......X..|
4|......X..|
5|.........|
6|.........|
7|......X..|
8|.....1...|
9|.........|
—│—————————│
You stepped on a mine and failed!
?[1;31m
Start test 61?[0m
How many mines do you want on the field? > 4
 │123456789│
—│—————————│
1|.........|
2|.........|
3|.........|
4|.........|
5|.........|
6|.........|
7|.........|
8|.........|
9|.........|
—│—————————│
Set/unset mines marks or claim a cell as free: > 2 7 free
 │123456789│
—│—————————│
1|/1.1/1.1/|
2|/111/1.1/|
3|/////111/|
4|/////////|
5|///////11|
6|///////1.|
7|///////11|
8|////111//|
9|////1.1//|
—│—————————│
Set/unset mines marks or claim a cell as free: > 3 1 free
 │123456789│
—│—————————│
1|/1X1/1.1/|
2|/111/1X1/|
3|/////111/|
4|/////////|
5|///////11|
6|///////1X|
7|///////11|
8|////111//|
9|////1X1//|
—│—————————│
You stepped on a mine and failed!
?[1;31m
Start test 62?[0m
How many mines do you want on the field? > 4
 │123456789│
—│—————————│
1|.........|
2|.........|
3|.........|
4|.........|
5|.........|
6|.........|
7|.........|
8|.........|
9|.........|
—│—————————│
Set/unset mines marks or claim a cell as free: > 2 4 free
 │123456789│
—│—————————│
1|.........|
2|.........|
3|.........|
4|.1.......|
5|.........|
6|.........|
7|.........|
8|.........|
9|.........|
—│—————————│
Set/unset mines marks or claim a cell as free: > 3 6 mine
 │123456789│
—│—————————│
1|.........|
2|.........|
3|.........|
4|.1.......|
5|.........|
6|..*......|
7|.........|
8|.........|
9|.........|
—│—————————│
Set/unset mines marks or claim a cell as free: > 3 6 mine
 │123456789│
—│—————————│
1|.........|
2|.........|
3|.........|
4|.1.......|
5|.........|
6|.........|
7|.........|
8|.........|
9|.........|
—│—————————│
Set/unset mines marks or claim a cell as free: > 6 6 free
 │123456789│
—│—————————│
1|/////////|
2|/111/////|
3|/1.1/111/|
4|/111/1.1/|
5|/////1221|
6|//////1..|
7|11////111|
8|.1///////|
9|.1///////|
—│—————————│
Set/unset mines marks or claim a cell as free: > 9 6 free
 │123456789│
—│—————————│
1|/////////|
2|/111/////|
3|/1.1/111/|
4|/111/1.1/|
5|/////1221|
6|//////1.1|
7|11////111|
8|.1///////|
9|.1///////|
—│—————————│
Set/unset mines marks or claim a cell as free: > 3 3 free
 │123456789│
—│—————————│
1|/////////|
2|/111/////|
3|/1X1/111/|
4|/111/1X1/|
5|/////1221|
6|//////1X1|
7|11////111|
8|X1///////|
9|.1///////|
—│—————————│
You stepped on a mine and failed!
?[1;31m
Start test 63?[0m
How many mines do you want on the field? > 4
 │123456789│
—│—————————│
1|.........|
2|.........|
3|.........|
4|.........|
5|.........|
6|.........|
7|.........|
8|.........|
9|.........|
—│—————————│
Set/unset mines marks or claim a cell as free: > 6 5 mine
 │123456789│
—│—————————│
1|.........|
2|.........|
3|.........|
4|.........|
5|.....*...|
6|.........|
7|.........|
8|.........|
9|.........|
—│—————————│
Set/unset mines marks or claim a cell as free: > 6 5 mine
 │123456789│
—│—————————│
1|.........|
2|.........|
3|.........|
4|.........|
5|.........|
6|.........|
7|.........|
8|.........|
9|.........|
—│—————————│
Set/unset mines marks or claim a cell as free: > 2 6 free
 │123456789│
—│—————————│
1|.........|
2|.........|
3|.........|
4|.........|
5|.........|
6|.1.......|
7|.........|
8|.........|
9|.........|
—│—————————│
Set/unset mines marks or claim a cell as free: > 5 1 free
 │123456789│
—│—————————│
1|/////////|
2|/////////|
3|/////////|
4|//////111|
5|//111/1..|
6|111.1/1..|
7|....211..|
8|.........|
9|.........|
—│—————————│
Set/unset mines marks or claim a cell as free: > 2 7 mine
 │123456789│
—│—————————│
1|/////////|
2|/////////|
3|/////////|
4|//////111|
5|//111/1..|
6|111.1/1..|
7|.*..211..|
8|.........|
9|.........|
—│—————————│
Set/unset mines marks or claim a cell as free: > 1 9 mine
 │123456789│
—│—————————│
1|/////////|
2|/////////|
3|/////////|
4|//////111|
5|//111/1..|
6|111.1/1..|
7|.*..211..|
8|.........|
9|*........|
—│—————————│
Set/unset mines marks or claim a cell as free: > 4 9 mine
 │123456789│
—│—————————│
1|/////////|
2|/////////|
3|/////////|
4|//////111|
5|//111/1..|
6|111.1/1..|
7|.*..211..|
8|.........|
9|*..*.....|
—│—————————│
Set/unset mines marks or claim a cell as free: > 3 9 free
 │123456789│
—│—————————│
1|/////////|
2|/////////|
3|/////////|
4|//////111|
5|//111/1..|
6|111.1/1..|
7|.111211..|
8|11//1....|
9|////1....|
—│—————————│
Set/unset mines marks or claim a cell as free: > 6 8 free
 │123456789│
—│—————————│
1|/////////|
2|/////////|
3|/////////|
4|//////111|
5|//111/1X.|
6|111X1/1..|
7|X111211..|
8|11//1X...|
9|////1....|
—│—————————│
You stepped on a mine and failed!
?[1;31m
Start test 64?[0m
How many mines do you want on the field? > 4
 │123456789│
—│—————————│
1|.........|
2|.........|
3|.........|
4|.........|
5|.........|
6|.........|
7|.........|
8|.........|
9|.........|
—│—————————│
Set/unset mines marks or claim a cell as free: > 3 2 mine
 │123456789│
—│—————————│
1|.........|
2|..*......|
3|.........|
4|.........|
5|.........|
6|.........|
7|.........|
8|.........|
9|.........|
—│—————————│
Set/unset mines marks or claim a cell as free: > 6 8 free
 │123456789│
—│—————————│
1|//1.1////|
2|//1.1////|
3|//111////|
4|/////////|
5|11////111|
6|.1////1..|
7|.1111/111|
8|....1////|
9|....1////|
—│—————————│
Set/unset mines marks or claim a cell as free: > 1 9 free
 │123456789│
—│—————————│
1|//1.1////|
2|//1.1////|
3|//111////|
4|/////////|
5|11////111|
6|.1////1..|
7|11111/111|
8|//1.1////|
9|//1.1////|
—│—————————│
Set/unset mines marks or claim a cell as free: > 4 8 free
 │123456789│
—│—————————│
1|//1.1////|
2|//1X1////|
3|//111////|
4|/////////|
5|11////111|
6|X1////1X.|
7|11111/111|
8|//1X1////|
9|//1.1////|
—│—————————│
You stepped on a mine and failed!
?[1;31m
Start test 65?[0m
How many mines do you want on the field? > 4
 │123456789│
—│—————————│
1|.........|
2|.........|
3|.........|
4|.........|
5|.........|
6|.........|
7|.........|
8|.........|
9|.........|
—│—————————│
Set/unset mines marks or claim a cell as free: > 9 5 mine
 │123456789│
—│—————————│
1|.........|
2|.........|
3|.........|
4|.........|
5|........*|
6|.........|
7|.........|
8|.........|
9|.........|
—│—————————│
Set/unset mines marks or claim a cell as free: > 9 5 mine
 │123456789│
—│—————————│
1|.........|
2|.........|
3|.........|
4|.........|
5|.........|
6|.........|
7|.........|
8|.........|
9|.........|
—│—————————│
Set/unset mines marks or claim a cell as free: > 8 9 free
 │123456789│
—│—————————│
1|//1.1////|
2|//1.1//11|
3|//111//1.|
4|///////11|
5|/////////|
6|///111111|
7|///1.....|
8|///111111|
9|/////////|
—│—————————│
Set/unset mines marks or claim a cell as free: > 4 2 free
 │123456789│
—│—————————│
1|//1.1////|
2|//1X1//11|
3|//111//1X|
4|///////11|
5|/////////|
6|///111111|
7|///1X..X.|
8|///111111|
9|/////////|
—│—————————│
You stepped on a mine and failed!
?[1;31m
Start test 66?[0m
How many mines do you want on the field? > 4
 │123456789│
—│—————————│
1|.........|
2|.........|
3|.........|
4|.........|
5|.........|
6|.........|
7|.........|
8|.........|
9|.........|
—│—————————│
Set/unset mines marks or claim a cell as free: > 2 7 free
 │123456789│
—│—————————│
1|/////////|
2|//111/111|
3|//1.211..|
4|//12.1111|
5|///111///|
6|/////////|
7|/////////|
8|///111///|
9|///1.1///|
—│—————————│
Set/unset mines marks or claim a cell as free: > 4 3 free
 │123456789│
—│—————————│
1|/////////|
2|//111/111|
3|//1X211X.|
4|//12X1111|
5|///111///|
6|/////////|
7|/////////|
8|///111///|
9|///1X1///|
—│—————————│
You stepped on a mine and failed!
?[1;31m
Start test 67?[0m
How many mines do you want on the field? > 4
 │123456789│
—│—————————│
1|.........|
2|.........|
3|.........|
4|.........|
5|.........|
6|.........|
7|.........|
8|.........|
9|.........|
—│—————————│
Set/unset mines marks or claim a cell as free: > 5 4 free
 │123456789│
—│—————————│
1|..1//////|
2|221//////|
3|/////////|
4|/////////|
5|/////////|
6|11//111//|
7|.1//1.1//|
8|11//111//|
9|/////////|
—│—————————│
Congratulations! You found all mines!
?[1;31m
Start test 68?[0m
How many mines do you want on the field? > 4
 │123456789│
—│—————————│
1|.........|
2|.........|
3|.........|
4|.........|
5|.........|
6|.........|
7|.........|
8|.........|
9|.........|
—│—————————│
Set/unset mines marks or claim a cell as free: > 3 3 mine
 │123456789│
—│—————————│
1|.........|
2|.........|
3|..*......|
4|.........|
5|.........|
6|.........|
7|.........|
8|.........|
9|.........|
—│—————————│
Set/unset mines marks or claim a cell as free: > 6 2 free
 │123456789│
—│—————————│
1|//1.1//1.|
2|//111//11|
3|/////////|
4|11///////|
5|.1111////|
6|111.1////|
7|//111////|
8|/////////|
9|/////////|
—│—————————│
Congratulations! You found all mines!
?[1;31m
Start test 69?[0m
How many mines do you want on the field? > 4
 │123456789│
—│—————————│
1|.........|
2|.........|
3|.........|
4|.........|
5|.........|
6|.........|
7|.........|
8|.........|
9|.........|
—│—————————│
Set/unset mines marks or claim a cell as free: > 7 8 mine
 │123456789│
—│—————————│
1|.........|
2|.........|
3|.........|
4|.........|
5|.........|
6|.........|
7|.........|
8|......*..|
9|.........|
—│—————————│
Set/unset mines marks or claim a cell as free: > 7 8 mine
 │123456789│
—│—————————│
1|.........|
2|.........|
3|.........|
4|.........|
5|.........|
6|.........|
7|.........|
8|.........|
9|.........|
—│—————————│
Set/unset mines marks or claim a cell as free: > 2 7 free
 │123456789│
—│—————————│
1|//1.1////|
2|//1.21///|
3|/11..1///|
4|/1..11///|
5|/12.1////|
6|//1.1////|
7|//111////|
8|/////////|
9|/////////|
—│—————————│
Set/unset mines marks or claim a cell as free: > 4 3 free
 │123456789│
—│—————————│
1|//1.1////|
2|//1.21///|
3|/112.1///|
4|/1..11///|
5|/12.1////|
6|//1.1////|
7|//111////|
8|/////////|
9|/////////|
—│—————————│
Set/unset mines marks or claim a cell as free: > 4 1 free
 │123456789│
—│—————————│
1|//1X1////|
2|//1.21///|
3|/112X1///|
4|/1X.11///|
5|/12.1////|
6|//1X1////|
7|//111////|
8|/////////|
9|/////////|
—│—————————│
You stepped on a mine and failed!
?[1;31m
Start test 70?[0m
How many mines do you want on the field? > 4
 │123456789│
—│—————————│
1|.........|
2|.........|
3|.........|
4|.........|
5|.........|
6|.........|
7|.........|
8|.........|
9|.........|
—│—————————│
Set/unset mines marks or claim a cell as free: > 1 1 free
 │123456789│
—│—————————│
1|/////////|
2|///111///|
3|///1.1/11|
4|///111/1.|
5|///////11|
6|///111///|
7|///1.1111|
8|///1111..|
9|//////1..|
—│—————————│
Set/unset mines marks or claim a cell as free: > 8 8 mine
 │123456789│
—│—————————│
1|/////////|
2|///111///|
3|///1.1/11|
4|///111/1.|
5|///////11|
6|///111///|
7|///1.1111|
8|///1111*.|
9|//////1..|
—│—————————│
Set/unset mines marks or claim a cell as free: > 5 7 free
 │123456789│
—│—————————│
1|/////////|
2|///111///|
3|///1X1/11|
4|///111/1X|
5|///////11|
6|///111///|
7|///1X1111|
8|///1111X.|
9|//////1..|
—│—————————│
You stepped on a mine and failed!
?[1;31m
Start test 71?[0m
How many mines do you want on the field? > 4
 │123456789│
—│—————————│
1|.........|
2|.........|
3|.........|
4|.........|
5|.........|
6|.........|
7|.........|
8|.........|
9|.........|
—│—————————│
Set/unset mines marks or claim a cell as free: > 8 8 mine
 │123456789│
—│—————————│
1|.........|
2|.........|
3|.........|
4|.........|
5|.........|
6|.........|
7|.........|
8|.......*.|
9|.........|
—│—————————│
Set/unset mines marks or claim a cell as free: > 8 8 mine
 │123456789│
—│—————————│
1|.........|
2|.........|
3|.........|
4|.........|
5|.........|
6|.........|
7|.........|
8|.........|
9|.........|
—│—————————│
Set/unset mines marks or claim a cell as free: > 1 8 free
 │123456789│
—│—————————│
1|..1//////|
2|111//////|
3|/////////|
4|/////////|
5|/////////|
6|/////111/|
7|/////1.1/|
8|/////2.31|
9|/////1...|
—│—————————│
Set/unset mines marks or claim a cell as free: > 1 1 free
 │123456789│
—│—————————│
1|1.1//////|
2|111//////|
3|/////////|
4|/////////|
5|/////////|
6|/////111/|
7|/////1.1/|
8|/////2.31|
9|/////1...|
—│—————————│
Set/unset mines marks or claim a cell as free: > 7 9 free
 │123456789│
—│—————————│
1|1X1//////|
2|111//////|
3|/////////|
4|/////////|
5|/////////|
6|/////111/|
7|/////1X1/|
8|/////2.31|
9|/////1X.X|
—│—————————│
You stepped on a mine and failed!
?[1;31m
Start test 72?[0m
How many mines do you want on the field? > 4
 │123456789│
—│—————————│
1|.........|
2|.........|
3|.........|
4|.........|
5|.........|
6|.........|
7|.........|
8|.........|
9|.........|
—│—————————│
Set/unset mines marks or claim a cell as free: > 2 9 free
 │123456789│
—│—————————│
1|/1....1//|
2|/1....1//|
3|/111111//|
4|/////////|
5|/////////|
6|111//////|
7|..1////11|
8|111////1.|
9|///////1.|
—│—————————│
Set/unset mines marks or claim a cell as free: > 5 2 free
 │123456789│
—│—————————│
1|/1....1//|
2|/1..1.1//|
3|/111111//|
4|/////////|
5|/////////|
6|111//////|
7|..1////11|
8|111////1.|
9|///////1.|
—│—————————│
Set/unset mines marks or claim a cell as free: > 9 8 mine
 │123456789│
—│—————————│
1|/1....1//|
2|/1..1.1//|
3|/111111//|
4|/////////|
5|/////////|
6|111//////|
7|..1////11|
8|111////1*|
9|///////1.|
—│—————————│
Set/unset mines marks or claim a cell as free: > 3 2 free
 │123456789│
—│—————————│
1|/1....1//|
2|/1X.1X1//|
3|/111111//|
4|/////////|
5|/////////|
6|111//////|
7|.X1////11|
8|111////1X|
9|///////1.|
—│—————————│
You stepped on a mine and failed!
?[1;31m
Start test 73?[0m
How many mines do you want on the field? > 4
 │123456789│
—│—————————│
1|.........|
2|.........|
3|.........|
4|.........|
5|.........|
6|.........|
7|.........|
8|.........|
9|.........|
—│—————————│
Set/unset mines marks or claim a cell as free: > 8 5 mine
 │123456789│
—│—————————│
1|.........|
2|.........|
3|.........|
4|.........|
5|.......*.|
6|.........|
7|.........|
8|.........|
9|.........|
—│—————————│
Set/unset mines marks or claim a cell as free: > 8 5 mine
 │123456789│
—│—————————│
1|.........|
2|.........|
3|.........|
4|.........|
5|.........|
6|.........|
7|.........|
8|.........|
9|.........|
—│—————————│
Set/unset mines marks or claim a cell as free: > 1 7 free
 │123456789│
—│—————————│
1|/////////|
2|/////////|
3|111//////|
4|..1//111/|
5|111//1.1/|
6|////13.2/|
7|////1..1/|
8|////1221/|
9|/////////|
—│—————————│
Set/unset mines marks or claim a cell as free: > 7 5 free
 │123456789│
—│—————————│
1|/////////|
2|/////////|
3|111//////|
4|.X1//111/|
5|111//1X1/|
6|////13.2/|
7|////1XX1/|
8|////1221/|
9|/////////|
—│—————————│
You stepped on a mine and failed!
?[1;31m
Start test 74?[0m
How many mines do you want on the field? > 4
 │123456789│
—│—————————│
1|.........|
2|.........|
3|.........|
4|.........|
5|.........|
6|.........|
7|.........|
8|.........|
9|.........|
—│—————————│
Set/unset mines marks or claim a cell as free: > 2 5 free
 │123456789│
—│—————————│
1|/////1.1/|
2|11///1.1/|
3|.1///111/|
4|11///////|
5|/////////|
6|/////////|
7|///111///|
8|///1.211/|
9|///1...1/|
—│—————————│
Set/unset mines marks or claim a cell as free: > 7 2 free
 │123456789│
—│—————————│
1|/////1.1/|
2|11///1X1/|
3|X1///111/|
4|11///////|
5|/////////|
6|/////////|
7|///111///|
8|///1X211/|
9|///1..X1/|
—│—————————│
You stepped on a mine and failed!
?[1;31m
Start test 75?[0m
How many mines do you want on the field? > 4
 │123456789│
—│—————————│
1|.........|
2|.........|
3|.........|
4|.........|
5|.........|
6|.........|
7|.........|
8|.........|
9|.........|
—│—————————│
Set/unset mines marks or claim a cell as free: > 5 6 free
 │123456789│
—│—————————│
1|/1.......|
2|/1....211|
3|/111111//|
4|/////////|
5|/////////|
6|/////////|
7|/////////|
8|///111///|
9|///1.1///|
—│—————————│
Set/unset mines marks or claim a cell as free: > 9 1 free
 │123456789│
—│—————————│
1|/1......1|
2|/1....211|
3|/111111//|
4|/////////|
5|/////////|
6|/////////|
7|/////////|
8|///111///|
9|///1.1///|
—│—————————│
Set/unset mines marks or claim a cell as free: > 8 1 mine
 │123456789│
—│—————————│
1|/1.....*1|
2|/1....211|
3|/111111//|
4|/////////|
5|/////////|
6|/////////|
7|/////////|
8|///111///|
9|///1.1///|
—│—————————│
Set/unset mines marks or claim a cell as free: > 6 2 mine
 │123456789│
—│—————————│
1|/1.....*1|
2|/1...*211|
3|/111111//|
4|/////////|
5|/////////|
6|/////////|
7|/////////|
8|///111///|
9|///1.1///|
—│—————————│
Set/unset mines marks or claim a cell as free: > 5 2 free
 │123456789│
—│—————————│
1|/1.....*1|
2|/1..1*211|
3|/111111//|
4|/////////|
5|/////////|
6|/////////|
7|/////////|
8|///111///|
9|///1.1///|
—│—————————│
Set/unset mines marks or claim a cell as free: > 3 2 free
 │123456789│
—│—————————│
1|/1.....X1|
2|/1X.1X211|
3|/111111//|
4|/////////|
5|/////////|
6|/////////|
7|/////////|
8|///111///|
9|///1X1///|
—│—————————│
You stepped on a mine and failed!
?[1;31m
Start test 76?[0m
How many mines do you want on the field? > 4
 │123456789│
—│—————————│
1|.........|
2|.........|
3|.........|
4|.........|
5|.........|
6|.........|
7|.........|
8|.........|
9|.........|
—│—————————│
Set/unset mines marks or claim a cell as free: > 7 1 free
 │123456789│
—│—————————│
1|..1////1.|
2|221////11|
3|/////////|
4|11///////|
5|.1///////|
6|11///////|
7|/////////|
8|/////////|
9|/////////|
—│—————————│
Congratulations! You found all mines!
?[1;31m
Start test 77?[0m
How many mines do you want on the field? > 4
 │123456789│
—│—————————│
1|.........|
2|.........|
3|.........|
4|.........|
5|.........|
6|.........|
7|.........|
8|.........|
9|.........|
—│—————————│
Set/unset mines marks or claim a cell as free: > 9 1 free
 │123456789│
—│—————————│
1|/////////|
2|///1221//|
3|11/1..1//|
4|.211221//|
5|..1//////|
6|111//////|
7|/////////|
8|/////////|
9|/////////|
—│—————————│
Set/unset mines marks or claim a cell as free: > 6 3 free
 │123456789│
—│—————————│
1|/////////|
2|///1221//|
3|11/1XX1//|
4|X211221//|
5|.X1//////|
6|111//////|
7|/////////|
8|/////////|
9|/////////|
—│—————————│
You stepped on a mine and failed!
?[1;31m
Start test 78?[0m
How many mines do you want on the field? > 4
 │123456789│
—│—————————│
1|.........|
2|.........|
3|.........|
4|.........|
5|.........|
6|.........|
7|.........|
8|.........|
9|.........|
—│—————————│
Set/unset mines marks or claim a cell as free: > 6 9 free
 │123456789│
—│—————————│
1|//////1..|
2|//////111|
3|/////////|
4|////111//|
5|//112.1//|
6|//1.21211|
7|//111/1..|
8|//////111|
9|/////////|
—│—————————│
Set/unset mines marks or claim a cell as free: > 8 1 free
 │123456789│
—│—————————│
1|//////1X.|
2|//////111|
3|/////////|
4|////111//|
5|//112X1//|
6|//1X21211|
7|//111/1X.|
8|//////111|
9|/////////|
—│—————————│
You stepped on a mine and failed!
?[1;31m
Start test 79?[0m
How many mines do you want on the field? > 4
 │123456789│
—│—————————│
1|.........|
2|.........|
3|.........|
4|.........|
5|.........|
6|.........|
7|.........|
8|.........|
9|.........|
—│—————————│
Set/unset mines marks or claim a cell as free: > 8 2 mine
 │123456789│
—│—————————│
1|.........|
2|.......*.|
3|.........|
4|.........|
5|.........|
6|.........|
7|.........|
8|.........|
9|.........|
—│—————————│
Set/unset mines marks or claim a cell as free: > 3 8 free
 │123456789│
—│—————————│
1|//////1..|
2|//////111|
3|/////////|
4|///111///|
5|//12.1///|
6|//1..21//|
7|//112.1//|
8|////111//|
9|/////////|
—│—————————│
Set/unset mines marks or claim a cell as free: > 8 1 free
 │123456789│
—│—————————│
1|//////1X.|
2|//////111|
3|/////////|
4|///111///|
5|//12X1///|
6|//1X.21//|
7|//112X1//|
8|////111//|
9|/////////|
—│—————————│
You stepped on a mine and failed!
?[1;31m
Start test 80?[0m
How many mines do you want on the field? > 4
 │123456789│
—│—————————│
1|.........|
2|.........|
3|.........|
4|.........|
5|.........|
6|.........|
7|.........|
8|.........|
9|.........|
—│—————————│
Set/unset mines marks or claim a cell as free: > 3 9 mine
 │123456789│
—│—————————│
1|.........|
2|.........|
3|.........|
4|.........|
5|.........|
6|.........|
7|.........|
8|.........|
9|..*......|
—│—————————│
Set/unset mines marks or claim a cell as free: > 3 9 mine
 │123456789│
—│—————————│
1|.........|
2|.........|
3|.........|
4|.........|
5|.........|
6|.........|
7|.........|
8|.........|
9|.........|
—│—————————│
Set/unset mines marks or claim a cell as free: > 1 5 mine
 │123456789│
—│—————————│
1|.........|
2|.........|
3|.........|
4|.........|
5|*........|
6|.........|
7|.........|
8|.........|
9|.........|
—│—————————│
Set/unset mines marks or claim a cell as free: > 8 7 free
 │123456789│
—│—————————│
1|////1.1//|
2|////111//|
3|/////////|
4|11///////|
5|*1///////|
6|1211/////|
7|/1.1/////|
8|/111//111|
9|//////1..|
—│—————————│
Set/unset mines marks or claim a cell as free: > 1 5 mine
 │123456789│
—│—————————│
1|////1.1//|
2|////111//|
3|/////////|
4|11///////|
5|.1///////|
6|1211/////|
7|/1.1/////|
8|/111//111|
9|//////1..|
—│—————————│
Set/unset mines marks or claim a cell as free: > 1 5 free
 │123456789│
—│—————————│
1|////1X1//|
2|////111//|
3|/////////|
4|11///////|
5|X1///////|
6|1211/////|
7|/1X1/////|
8|/111//111|
9|//////1X.|
—│—————————│
You stepped on a mine and failed!
?[1;31m
Start test 81?[0m
How many mines do you want on the field? > 5
 │123456789│
—│—————————│
1|.........|
2|.........|
3|.........|
4|.........|
5|.........|
6|.........|
7|.........|
8|.........|
9|.........|
—│—————————│
Set/unset mines marks or claim a cell as free: > 1 8 mine
 │123456789│
—│—————————│
1|.........|
2|.........|
3|.........|
4|.........|
5|.........|
6|.........|
7|.........|
8|*........|
9|.........|
—│—————————│
Set/unset mines marks or claim a cell as free: > 1 8 mine
 │123456789│
—│—————————│
1|.........|
2|.........|
3|.........|
4|.........|
5|.........|
6|.........|
7|.........|
8|.........|
9|.........|
—│—————————│
Set/unset mines marks or claim a cell as free: > 1 9 free
 │123456789│
—│—————————│
1|.1///////|
2|11///////|
3|/////////|
4|/////////|
5|//////111|
6|//111/1..|
7|//2.2/11.|
8|//2.2//1.|
9|//1.1//1.|
—│—————————│
Set/unset mines marks or claim a cell as free: > 9 7 free
 │123456789│
—│—————————│
1|.1///////|
2|11///////|
3|/////////|
4|/////////|
5|//////111|
6|//111/1..|
7|//2.2/111|
8|//2.2//1.|
9|//1.1//1.|
—│—————————│
Set/unset mines marks or claim a cell as free: > 4 7 free
 │123456789│
—│—————————│
1|X1///////|
2|11///////|
3|/////////|
4|/////////|
5|//////111|
6|//111/1X.|
7|//2X2/111|
8|//2X2//1.|
9|//1.1//1X|
—│—————————│
You stepped on a mine and failed!
?[1;31m
Start test 82?[0m
How many mines do you want on the field? > 5
 │123456789│
—│—————————│
1|.........|
2|.........|
3|.........|
4|.........|
5|.........|
6|.........|
7|.........|
8|.........|
9|.........|
—│—————————│
Set/unset mines marks or claim a cell as free: > 3 9 mine
 │123456789│
—│—————————│
1|.........|
2|.........|
3|.........|
4|.........|
5|.........|
6|.........|
7|.........|
8|.........|
9|..*......|
—│—————————│
Set/unset mines marks or claim a cell as free: > 3 5 free
 │123456789│
—│—————————│
1|.........|
2|.........|
3|.........|
4|.........|
5|..1......|
6|.........|
7|.........|
8|.........|
9|..*......|
—│—————————│
Set/unset mines marks or claim a cell as free: > 9 9 free
 │123456789│
—│—————————│
1|.........|
2|.........|
3|.........|
4|....211..|
5|..1.1/111|
6|...11////|
7|...1/////|
8|...1/////|
9|..*1/////|
—│—————————│
Set/unset mines marks or claim a cell as free: > 2 4 free
 │123456789│
—│—————————│
1|.........|
2|.........|
3|111......|
4|//1.211..|
5|//1.1/111|
6|//111////|
7|/111/////|
8|/1.1/////|
9|/1*1/////|
—│—————————│
Set/unset mines marks or claim a cell as free: > 7 2 mine
 │123456789│
—│—————————│
1|.........|
2|......*..|
3|111......|
4|//1.211..|
5|//1.1/111|
6|//111////|
7|/111/////|
8|/1.1/////|
9|/1*1/////|
—│—————————│
Set/unset mines marks or claim a cell as free: > 5 2 free
 │123456789│
—│—————————│
1|.........|
2|....1.*..|
3|111......|
4|//1.211..|
5|//1.1/111|
6|//111////|
7|/111/////|
8|/1.1/////|
9|/1*1/////|
—│—————————│
Set/unset mines marks or claim a cell as free: > 3 8 free
 │123456789│
—│—————————│
1|.........|
2|.X..1.*..|
3|111.X....|
4|//1.211X.|
5|//1X1/111|
6|//111////|
7|/111/////|
8|/1X1/////|
9|/1*1/////|
—│—————————│
You stepped on a mine and failed!
?[1;31m
Start test 83?[0m
How many mines do you want on the field? > 6
 │123456789│
—│—————————│
1|.........|
2|.........|
3|.........|
4|.........|
5|.........|
6|.........|
7|.........|
8|.........|
9|.........|
—│—————————│
Set/unset mines marks or claim a cell as free: > 7 4 mine
 │123456789│
—│—————————│
1|.........|
2|.........|
3|.........|
4|......*..|
5|.........|
6|.........|
7|.........|
8|.........|
9|.........|
—│—————————│
Set/unset mines marks or claim a cell as free: > 9 4 free
 │123456789│
—│—————————│
1|....1////|
2|....1////|
3|....2////|
4|....1////|
5|..211////|
6|..1//////|
7|..1//111/|
8|..1111.1/|
9|.......1/|
—│—————————│
Set/unset mines marks or claim a cell as free: > 1 2 free
 │123456789│
—│—————————│
1|/1..1////|
2|/12.1////|
3|//2.2////|
4|//1.1////|
5|11211////|
6|..1//////|
7|..1//111/|
8|..1111.1/|
9|.......1/|
—│—————————│
Set/unset mines marks or claim a cell as free: > 5 9 mine
 │123456789│
—│—————————│
1|/1..1////|
2|/12.1////|
3|//2.2////|
4|//1.1////|
5|11211////|
6|..1//////|
7|..1//111/|
8|..1111.1/|
9|....*..1/|
—│—————————│
Set/unset mines marks or claim a cell as free: > 4 3 free
 │123456789│
—│—————————│
1|/1..1////|
2|/12.1////|
3|//222////|
4|//1.1////|
5|11211////|
6|..1//////|
7|..1//111/|
8|..1111.1/|
9|....*..1/|
—│—————————│
Set/unset mines marks or claim a cell as free: > 5 9 mine
 │123456789│
—│—————————│
1|/1..1////|
2|/12.1////|
3|//222////|
4|//1.1////|
5|11211////|
6|..1//////|
7|..1//111/|
8|..1111.1/|
9|.......1/|
—│—————————│
Set/unset mines marks or claim a cell as free: > 1 9 mine
 │123456789│
—│—————————│
1|/1..1////|
2|/12.1////|
3|//222////|
4|//1.1////|
5|11211////|
6|..1//////|
7|..1//111/|
8|..1111.1/|
9|*......1/|
—│—————————│
Set/unset mines marks or claim a cell as free: > 2 8 mine
 │123456789│
—│—————————│
1|/1..1////|
2|/12.1////|
3|//222////|
4|//1.1////|
5|11211////|
6|..1//////|
7|..1//111/|
8|.*1111.1/|
9|*......1/|
—│—————————│
Set/unset mines marks or claim a cell as free: > 7 8 free
 │123456789│
—│—————————│
1|/1X.1////|
2|/12X1////|
3|//222////|
4|//1X1////|
5|11211////|
6|.X1//////|
7|..1//111/|
8|.*1111X1/|
9|*..X...1/|
—│—————————│
You stepped on a mine and failed!
?[1;31m
Start test 84?[0m
How many mines do you want on the field? > 6
 │123456789│
—│—————————│
1|.........|
2|.........|
3|.........|
4|.........|
5|.........|
6|.........|
7|.........|
8|.........|
9|.........|
—│—————————│
Set/unset mines marks or claim a cell as free: > 1 5 free
 │123456789│
—│—————————│
1|...1/////|
2|1211/////|
3|/////111/|
4|/111/1.1/|
5|/1.1/111/|
6|/111/////|
7|11//111//|
8|.1//1.1//|
9|.1//1.1//|
—│—————————│
Set/unset mines marks or claim a cell as free: > 3 1 mine
 │123456789│
—│—————————│
1|..*1/////|
2|1211/////|
3|/////111/|
4|/111/1.1/|
5|/1.1/111/|
6|/111/////|
7|11//111//|
8|.1//1.1//|
9|.1//1.1//|
—│—————————│
Set/unset mines marks or claim a cell as free: > 7 4 free
 │123456789│
—│—————————│
1|X.X1/////|
2|1211/////|
3|/////111/|
4|/111/1X1/|
5|/1X1/111/|
6|/111/////|
7|11//111//|
8|X1//1X1//|
9|.1//1.1//|
—│—————————│
You stepped on a mine and failed!
?[1;31m
Start test 85?[0m
How many mines do you want on the field? > 7
 │123456789│
—│—————————│
1|.........|
2|.........|
3|.........|
4|.........|
5|.........|
6|.........|
7|.........|
8|.........|
9|.........|
—│—————————│
Set/unset mines marks or claim a cell as free: > 4 9 free
 │123456789│
—│—————————│
1|.........|
2|.........|
3|.........|
4|.........|
5|.........|
6|.........|
7|.........|
8|.........|
9|...1.....|
—│—————————│
Set/unset mines marks or claim a cell as free: > 1 2 free
 │123456789│
—│—————————│
1|........X|
2|X........|
3|.....X.X.|
4|.........|
5|.........|
6|...X.....|
7|.........|
8|..X...X..|
9|...1.....|
—│—————————│
You stepped on a mine and failed!
?[1;31m
Start test 86?[0m
How many mines do you want on the field? > 7
 │123456789│
—│—————————│
1|.........|
2|.........|
3|.........|
4|.........|
5|.........|
6|.........|
7|.........|
8|.........|
9|.........|
—│—————————│
Set/unset mines marks or claim a cell as free: > 2 3 free
 │123456789│
—│—————————│
1|////1....|
2|///13....|
3|///1.....|
4|/112.....|
5|/1.......|
6|/1.......|
7|11.......|
8|.........|
9|.........|
—│—————————│
Set/unset mines marks or claim a cell as free: > 5 6 mine
 │123456789│
—│—————————│
1|////1....|
2|///13....|
3|///1.....|
4|/112.....|
5|/1.......|
6|/1..*....|
7|11.......|
8|.........|
9|.........|
—│—————————│
Set/unset mines marks or claim a cell as free: > 5 8 free
 │123456789│
—│—————————│
1|////1.1//|
2|///13.31/|
3|///1...1/|
4|/11224.2/|
5|/1.1/1.1/|
6|/111/111/|
7|11///////|
8|.1///////|
9|.1///////|
—│—————————│
Set/unset mines marks or claim a cell as free: > 1 9 free
 │123456789│
—│—————————│
1|////1.1//|
2|///13.31/|
3|///1...1/|
4|/11224.2/|
5|/1.1/1.1/|
6|/111/111/|
7|11///////|
8|.1///////|
9|11///////|
—│—————————│
Set/unset mines marks or claim a cell as free: > 1 8 mine
 │123456789│
—│—————————│
1|////1.1//|
2|///13.31/|
3|///1...1/|
4|/11224.2/|
5|/1.1/1.1/|
6|/111/111/|
7|11///////|
8|*1///////|
9|11///////|
—│—————————│
Set/unset mines marks or claim a cell as free: > 7 3 free
 │123456789│
—│—————————│
1|////1.1//|
2|///13X31/|
3|///1XXX1/|
4|/11224.2/|
5|/1X1/1X1/|
6|/111/111/|
7|11///////|
8|X1///////|
9|11///////|
—│—————————│
You stepped on a mine and failed!
?[1;31m
Start test 87?[0m
How many mines do you want on the field? > 8
 │123456789│
—│—————————│
1|.........|
2|.........|
3|.........|
4|.........|
5|.........|
6|.........|
7|.........|
8|.........|
9|.........|
—│—————————│
Set/unset mines marks or claim a cell as free: > 6 8 free
 │123456789│
—│—————————│
1|.........|
2|.........|
3|.........|
4|.........|
5|.........|
6|.........|
7|.........|
8|.....1...|
9|.........|
—│—————————│
Set/unset mines marks or claim a cell as free: > 2 3 free
 │123456789│
—│—————————│
1|.........|
2|.........|
3|.1.......|
4|.........|
5|.........|
6|.........|
7|.........|
8|.....1...|
9|.........|
—│—————————│
Set/unset mines marks or claim a cell as free: > 9 6 free
 │123456789│
—│—————————│
1|...1///1.|
2|..21/1121|
3|111//2.2/|
4|///113.2/|
5|///1..11/|
6|//12..1//|
7|//1...1//|
8|//11211//|
9|/////////|
—│—————————│
Set/unset mines marks or claim a cell as free: > 7 4 free
 │123456789│
—│—————————│
1|..X1///1X|
2|.X21/1121|
3|111//2X2/|
4|///113X2/|
5|///1X.11/|
6|//12..1//|
7|//1X.X1//|
8|//11211//|
9|/////////|
—│—————————│
You stepped on a mine and failed!
?[1;31m
Start test 88?[0m
How many mines do you want on the field? > 8
 │123456789│
—│—————————│
1|.........|
2|.........|
3|.........|
4|.........|
5|.........|
6|.........|
7|.........|
8|.........|
9|.........|
—│—————————│
Set/unset mines marks or claim a cell as free: > 5 3 free
 │123456789│
—│—————————│
1|.........|
2|.........|
3|....1....|
4|.........|
5|.........|
6|.........|
7|.........|
8|.........|
9|.........|
—│—————————│
Set/unset mines marks or claim a cell as free: > 3 1 free
 │123456789│
—│—————————│
1|.1//1....|
2|11//1....|
3|////1111.|
4|///////11|
5|//1221///|
6|/12..1///|
7|/1.321///|
8|2321/////|
9|..1//////|
—│—————————│
Set/unset mines marks or claim a cell as free: > 9 3 free
 │123456789│
—│—————————│
1|X1//1....|
2|11//1X...|
3|////1111X|
4|///////11|
5|//1221///|
6|/12XX1///|
7|/1X321///|
8|2321/////|
9|XX1//////|
—│—————————│
You stepped on a mine and failed!
?[1;31m
Start test 89?[0m
How many mines do you want on the field? > 9
 │123456789│
—│—————————│
1|.........|
2|.........|
3|.........|
4|.........|
5|.........|
6|.........|
7|.........|
8|.........|
9|.........|
—│—————————│
Set/unset mines marks or claim a cell as free: > 2 7 mine
 │123456789│
—│—————————│
1|.........|
2|.........|
3|.........|
4|.........|
5|.........|
6|.........|
7|.*.......|
8|.........|
9|.........|
—│—————————│
Set/unset mines marks or claim a cell as free: > 5 6 mine
 │123456789│
—│—————————│
1|.........|
2|.........|
3|.........|
4|.........|
5|.........|
6|....*....|
7|.*.......|
8|.........|
9|.........|
—│—————————│
Set/unset mines marks or claim a cell as free: > 3 8 free
 │123456789│
—│—————————│
1|.........|
2|.........|
3|.........|
4|.........|
5|.........|
6|....*....|
7|1111.211.|
8|///111/1.|
9|///////1.|
—│—————————│
Set/unset mines marks or claim a cell as free: > 3 1 free
 │123456789│
—│—————————│
1|////1....|
2|////1....|
3|////1....|
4|11//1....|
5|.21/1....|
6|..112....|
7|1111.211.|
8|///111/1.|
9|///////1.|
—│—————————│
Set/unset mines marks or claim a cell as free: > 9 4 free
 │123456789│
—│—————————│
1|////1....|
2|////1....|
3|////1....|
4|11//1...1|
5|.21/1....|
6|..112....|
7|1111.211.|
8|///111/1.|
9|///////1.|
—│—————————│
Set/unset mines marks or claim a cell as free: > 6 2 mine
 │123456789│
—│—————————│
1|////1....|
2|////1*...|
3|////1....|
4|11//1...1|
5|.21/1....|
6|..112....|
7|1111.211.|
8|///111/1.|
9|///////1.|
—│—————————│
Set/unset mines marks or claim a cell as free: > 6 2 mine
 │123456789│
—│—————————│
1|////1....|
2|////1....|
3|////1....|
4|11//1...1|
5|.21/1....|
6|..112....|
7|1111.211.|
8|///111/1.|
9|///////1.|
—│—————————│
Set/unset mines marks or claim a cell as free: > 5 7 free
 │123456789│
—│—————————│
1|////1...X|
2|////1X...|
3|////1...X|
4|11//1...1|
5|X21/1X...|
6|.X112.X..|
7|1111X211.|
8|///111/1.|
9|///////1X|
—│—————————│
You stepped on a mine and failed!
?[1;31m
Start test 90?[0m
How many mines do you want on the field? > 9
 │123456789│
—│—————————│
1|.........|
2|.........|
3|.........|
4|.........|
5|.........|
6|.........|
7|.........|
8|.........|
9|.........|
—│—————————│
Set/unset mines marks or claim a cell as free: > 4 7 free
 │123456789│
—│—————————│
1|.........|
2|.........|
3|.........|
4|.........|
5|.........|
6|.........|
7|...2.....|
8|.........|
9|.........|
—│—————————│
Set/unset mines marks or claim a cell as free: > 4 5 mine
 │123456789│
—│—————————│
1|.........|
2|.........|
3|.........|
4|.........|
5|...*.....|
6|.........|
7|...2.....|
8|.........|
9|.........|
—│—————————│
Set/unset mines marks or claim a cell as free: > 8 9 free
 │123456789│
—│—————————│
1|.........|
2|.........|
3|.........|
4|.........|
5|...*.....|
6|.........|
7|...2.....|
8|.........|
9|.......1.|
—│—————————│
Set/unset mines marks or claim a cell as free: > 8 5 free
 │123456789│
—│—————————│
1|.........|
2|.........|
3|.........|
4|.........|
5|...*...1.|
6|.........|
7|...2.....|
8|.........|
9|.......1.|
—│—————————│
Set/unset mines marks or claim a cell as free: > 5 9 mine
 │123456789│
—│—————————│
1|.........|
2|.........|
3|.........|
4|.........|
5|...*...1.|
6|.........|
7|...2.....|
8|.........|
9|....*..1.|
—│—————————│
Set/unset mines marks or claim a cell as free: > 4 4 mine
 │123456789│
—│—————————│
1|.........|
2|.........|
3|.........|
4|...*.....|
5|...*...1.|
6|.........|
7|...2.....|
8|.........|
9|....*..1.|
—│—————————│
Set/unset mines marks or claim a cell as free: > 5 9 mine
 │123456789│
—│—————————│
1|.........|
2|.........|
3|.........|
4|...*.....|
5|...*...1.|
6|.........|
7|...2.....|
8|.........|
9|.......1.|
—│—————————│
Set/unset mines marks or claim a cell as free: > 6 5 mine
 │123456789│
—│—————————│
1|.........|
2|.........|
3|.........|
4|...*.....|
5|...*.*.1.|
6|.........|
7|...2.....|
8|.........|
9|.......1.|
—│—————————│
Set/unset mines marks or claim a cell as free: > 7 2 free
 │123456789│
—│—————————│
1|.........|
2|......1..|
3|.........|
4|...*.....|
5|...*.*.1.|
6|.........|
7|...2.....|
8|.........|
9|.......1.|
—│—————————│
Set/unset mines marks or claim a cell as free: > 1 4 free
 │123456789│
—│—————————│
1|/////1...|
2|//11111..|
3|//1......|
4|/12*.....|
5|/2.*.*.1.|
6|13.......|
7|...2.....|
8|.........|
9|.......1.|
—│—————————│
Set/unset mines marks or claim a cell as free: > 9 4 free
 │123456789│
—│—————————│
1|/////1...|
2|//11111..|
3|//1......|
4|/12*....1|
5|/2.*.*.1.|
6|13.......|
7|...2.....|
8|.........|
9|.......1.|
—│—————————│
Set/unset mines marks or claim a cell as free: > 3 9 free
 │123456789│
—│—————————│
1|/////1...|
2|//11111..|
3|//1......|
4|/12*....1|
5|/2.*.*.1.|
6|13.......|
7|.21212...|
8|.2///1...|
9|.1///1.1.|
—│—————————│
Set/unset mines marks or claim a cell as free: > 6 5 mine
 │123456789│
—│—————————│
1|/////1...|
2|//11111..|
3|//1......|
4|/12*....1|
5|/2.*...1.|
6|13.......|
7|.21212...|
8|.2///1...|
9|.1///1.1.|
—│—————————│
Set/unset mines marks or claim a cell as free: > 7 3 mine
 │123456789│
—│—————————│
1|/////1...|
2|//11111..|
3|//1...*..|
4|/12*....1|
5|/2.*...1.|
6|13.......|
7|.21212...|
8|.2///1...|
9|.1///1.1.|
—│—————————│
Set/unset mines marks or claim a cell as free: > 4 5 mine
 │123456789│
—│—————————│
1|/////1...|
2|//11111..|
3|//1...*..|
4|/12*....1|
5|/2.....1.|
6|13.......|
7|.21212...|
8|.2///1...|
9|.1///1.1.|
—│—————————│
Set/unset mines marks or claim a cell as free: > 7 4 free
 │123456789│
—│—————————│
1|/////1...|
2|//11111..|
3|//1...*..|
4|/12*..1.1|
5|/2.....1.|
6|13.......|
7|.21212...|
8|.2///1...|
9|.1///1.1.|
—│—————————│
Set/unset mines marks or claim a cell as free: > 6 6 mine
 │123456789│
—│—————————│
1|/////1...|
2|//11111..|
3|//1...*..|
4|/12*..1.1|
5|/2.....1.|
6|13...*...|
7|.21212...|
8|.2///1...|
9|.1///1.1.|
—│—————————│
Set/unset mines marks or claim a cell as free: > 7 3 mine
 │123456789│
—│—————————│
1|/////1...|
2|//11111..|
3|//1......|
4|/12*..1.1|
5|/2.....1.|
6|13...*...|
7|.21212...|
8|.2///1...|
9|.1///1.1.|
—│—————————│
Set/unset mines marks or claim a cell as free: > 7 5 free
 │123456789│
—│—————————│
1|/////1...|
2|//11111..|
3|//1......|
4|/12*..1.1|
5|/2....11.|
6|13...*...|
7|.21212...|
8|.2///1...|
9|.1///1.1.|
—│—————————│
Set/unset mines marks or claim a cell as free: > 6 6 mine
 │123456789│
—│—————————│
1|/////1...|
2|//11111..|
3|//1......|
4|/12*..1.1|
5|/2....11.|
6|13.......|
7|.21212...|
8|.2///1...|
9|.1///1.1.|
—│—————————│
Set/unset mines marks or claim a cell as free: > 4 4 mine
 │123456789│
—│—————————│
1|/////1...|
2|//11111..|
3|//1......|
4|/12...1.1|
5|/2....11.|
6|13.......|
7|.21212...|
8|.2///1...|
9|.1///1.1.|
—│—————————│
Set/unset mines marks or claim a cell as free: > 7 9 mine
 │123456789│
—│—————————│
1|/////1...|
2|//11111..|
3|//1......|
4|/12...1.1|
5|/2....11.|
6|13.......|
7|.21212...|
8|.2///1...|
9|.1///1*1.|
—│—————————│
Set/unset mines marks or claim a cell as free: > 3 5 mine
 │123456789│
—│—————————│
1|/////1...|
2|//11111..|
3|//1......|
4|/12...1.1|
5|/2*...11.|
6|13.......|
7|.21212...|
8|.2///1...|
9|.1///1*1.|
—│—————————│
Set/unset mines marks or claim a cell as free: > 6 3 mine
 │123456789│
—│—————————│
1|/////1...|
2|//11111..|
3|//1..*...|
4|/12...1.1|
5|/2*...11.|
6|13.......|
7|.21212...|
8|.2///1...|
9|.1///1*1.|
—│—————————│
Set/unset mines marks or claim a cell as free: > 9 5 free
 │123456789│
—│—————————│
1|/////1...|
2|//11111..|
3|//1..*...|
4|/12...1.1|
5|/2*...111|
6|13.......|
7|.21212...|
8|.2///1...|
9|.1///1*1.|
—│—————————│
Set/unset mines marks or claim a cell as free: > 9 1 free
 │123456789│
—│—————————│
1|/////1.1/|
2|//111111/|
3|//1..*.11|
4|/12...1.1|
5|/2*...111|
6|13.......|
7|.21212...|
8|.2///1...|
9|.1///1*1.|
—│—————————│
Set/unset mines marks or claim a cell as free: > 4 5 free
 │123456789│
—│—————————│
1|/////1.1/|
2|//111111/|
3|//1..*.11|
4|/12...1.1|
5|/2*3..111|
6|13.......|
7|.21212...|
8|.2///1...|
9|.1///1*1.|
—│—————————│
Set/unset mines marks or claim a cell as free: > 3 6 free
 │123456789│
—│—————————│
1|/////1X1/|
2|//111111/|
3|//1X.*.11|
4|/12...1X1|
5|/2X3..111|
6|13X.X....|
7|X21212...|
8|.2///1X..|
9|X1///1*1.|
—│—————————│
You stepped on a mine and failed!
?[1;31m
Start test 91?[0m
How many mines do you want on the field? > 10
 │123456789│
—│—————————│
1|.........|
2|.........|
3|.........|
4|.........|
5|.........|
6|.........|
7|.........|
8|.........|
9|.........|
—│—————————│
Set/unset mines marks or claim a cell as free: > 4 6 mine
 │123456789│
—│—————————│
1|.........|
2|.........|
3|.........|
4|.........|
5|.........|
6|...*.....|
7|.........|
8|.........|
9|.........|
—│—————————│
Set/unset mines marks or claim a cell as free: > 6 5 free
 │123456789│
—│—————————│
1|.........|
2|..211....|
3|..1/1112.|
4|111////2.|
5|///////11|
6|/////////|
7|//11211//|
8|/12...1//|
9|/1....1//|
—│—————————│
Set/unset mines marks or claim a cell as free: > 4 9 mine
 │123456789│
—│—————————│
1|.........|
2|..211....|
3|..1/1112.|
4|111////2.|
5|///////11|
6|/////////|
7|//11211//|
8|/12...1//|
9|/1.*..1//|
—│—————————│
Set/unset mines marks or claim a cell as free: > 4 9 mine
 │123456789│
—│—————————│
1|.........|
2|..211....|
3|..1/1112.|
4|111////2.|
5|///////11|
6|/////////|
7|//11211//|
8|/12...1//|
9|/1....1//|
—│—————————│
Set/unset mines marks or claim a cell as free: > 2 1 free
 │123456789│
—│—————————│
1|.2.......|
2|..211....|
3|..1/1112.|
4|111////2.|
5|///////11|
6|/////////|
7|//11211//|
8|/12...1//|
9|/1....1//|
—│—————————│
Set/unset mines marks or claim a cell as free: > 9 2 free
 │123456789│
—│—————————│
1|.2.......|
2|..211...1|
3|..1/1112.|
4|111////2.|
5|///////11|
6|/////////|
7|//11211//|
8|/12...1//|
9|/1....1//|
—│—————————│
Set/unset mines marks or claim a cell as free: > 5 9 free
 │123456789│
—│—————————│
1|.2X......|
2|X.211X..1|
3|.X1/1112X|
4|111////2X|
5|///////11|
6|/////////|
7|//11211//|
8|/12X.X1//|
9|/1X.X.1//|
—│—————————│
You stepped on a mine and failed!
?[1;31m
Start test 92?[0m
How many mines do you want on the field? > 10
 │123456789│
—│—————————│
1|.........|
2|.........|
3|.........|
4|.........|
5|.........|
6|.........|
7|.........|
8|.........|
9|.........|
—│—————————│
Set/unset mines marks or claim a cell as free: > 1 5 free
 │123456789│
—│—————————│
1|.........|
2|.........|
3|.........|
4|.........|
5|1........|
6|.........|
7|.........|
8|.........|
9|.........|
—│—————————│
Set/unset mines marks or claim a cell as free: > 4 5 mine
 │123456789│
—│—————————│
1|.........|
2|.........|
3|.........|
4|.........|
5|1..*.....|
6|.........|
7|.........|
8|.........|
9|.........|
—│—————————│
Set/unset mines marks or claim a cell as free: > 7 5 free
 │123456789│
—│—————————│
1|////1....|
2|////1122.|
3|///////1.|
4|112221/11|
5|1..*.2///|
6|.....3211|
7|.........|
8|.........|
9|.........|
—│—————————│
Set/unset mines marks or claim a cell as free: > 9 7 free
 │123456789│
—│—————————│
1|////1....|
2|////1122.|
3|///////1.|
4|112221/11|
5|1..*.2///|
6|.....3211|
7|........1|
8|.........|
9|.........|
—│—————————│
Set/unset mines marks or claim a cell as free: > 9 9 free
 │123456789│
—│—————————│
1|////1X.X.|
2|////1122.|
3|///////1X|
4|112221/11|
5|1X.XX2///|
6|....X3211|
7|.....X.X1|
8|.........|
9|........X|
—│—————————│
You stepped on a mine and failed!
?[1;31m
Start test 93?[0m
How many mines do you want on the field? > 15
 │123456789│
—│—————————│
1|.........|
2|.........|
3|.........|
4|.........|
5|.........|
6|.........|
7|.........|
8|.........|
9|.........|
—│—————————│
Set/unset mines marks or claim a cell as free: > 9 4 free
 │123456789│
—│—————————│
1|.........|
2|.........|
3|.........|
4|........1|
5|.........|
6|.........|
7|.........|
8|.........|
9|.........|
—│—————————│
Set/unset mines marks or claim a cell as free: > 1 4 mine
 │123456789│
—│—————————│
1|.........|
2|.........|
3|.........|
4|*.......1|
5|.........|
6|.........|
7|.........|
8|.........|
9|.........|
—│—————————│
Set/unset mines marks or claim a cell as free: > 3 5 free
 │123456789│
—│—————————│
1|/2.......|
2|/2.......|
3|/1111....|
4|////1...1|
5|////1....|
6|////2....|
7|///13....|
8|///2.....|
9|///2.....|
—│—————————│
Set/unset mines marks or claim a cell as free: > 5 2 mine
 │123456789│
—│—————————│
1|/2.......|
2|/2..*....|
3|/1111....|
4|////1...1|
5|////1....|
6|////2....|
7|///13....|
8|///2.....|
9|///2.....|
—│—————————│
Set/unset mines marks or claim a cell as free: > 8 5 free
 │123456789│
—│—————————│
1|/2.......|
2|/2..*....|
3|/1111....|
4|////1...1|
5|////1..2.|
6|////2....|
7|///13....|
8|///2.....|
9|///2.....|
—│—————————│
Set/unset mines marks or claim a cell as free: > 5 2 mine
 │123456789│
—│—————————│
1|/2.......|
2|/2.......|
3|/1111....|
4|////1...1|
5|////1..2.|
6|////2....|
7|///13....|
8|///2.....|
9|///2.....|
—│—————————│
Set/unset mines marks or claim a cell as free: > 9 1 free
 │123456789│
—│—————————│
1|/2......2|
2|/2.......|
3|/1111....|
4|////1...1|
5|////1..2.|
6|////2....|
7|///13....|
8|///2.....|
9|///2.....|
—│—————————│
Set/unset mines marks or claim a cell as free: > 7 7 free
 │123456789│
—│—————————│
1|/2X.....2|
2|/2X....XX|
3|/1111X...|
4|////1..X1|
5|////1..2.|
6|////2X..X|
7|///13XX..|
8|///2X...X|
9|///2X.XX.|
—│—————————│
You stepped on a mine and failed!
?[1;31m
Start test 94?[0m
How many mines do you want on the field? > 15
 │123456789│
—│—————————│
1|.........|
2|.........|
3|.........|
4|.........|
5|.........|
6|.........|
7|.........|
8|.........|
9|.........|
—│—————————│
Set/unset mines marks or claim a cell as free: > 6 1 mine
 │123456789│
—│—————————│
1|.....*...|
2|.........|
3|.........|
4|.........|
5|.........|
6|.........|
7|.........|
8|.........|
9|.........|
—│—————————│
Set/unset mines marks or claim a cell as free: > 6 6 mine
 │123456789│
—│—————————│
1|.....*...|
2|.........|
3|.........|
4|.........|
5|.........|
6|.....*...|
7|.........|
8|.........|
9|.........|
—│—————————│
Set/unset mines marks or claim a cell as free: > 8 3 free
 │123456789│
—│—————————│
1|.....*1//|
2|......1//|
3|.....11//|
4|.....1///|
5|.....1111|
6|.....*...|
7|.........|
8|.........|
9|.........|
—│—————————│
Set/unset mines marks or claim a cell as free: > 1 3 free
 │123456789│
—│—————————│
1|.....*1//|
2|......1//|
3|1....11//|
4|.....1///|
5|.....1111|
6|.....*...|
7|.........|
8|.........|
9|.........|
—│—————————│
Set/unset mines marks or claim a cell as free: > 1 9 free
 │123456789│
—│—————————│
1|.....*1//|
2|......1//|
3|1....11//|
4|.....1///|
5|.....1111|
6|.....*...|
7|.........|
8|.........|
9|1........|
—│—————————│
Set/unset mines marks or claim a cell as free: > 5 3 free
 │123456789│
—│—————————│
1|.....*1//|
2|......1//|
3|1...111//|
4|.....1///|
5|.....1111|
6|.....*...|
7|.........|
8|.........|
9|1........|
—│—————————│
Set/unset mines marks or claim a cell as free: > 6 9 mine
 │123456789│
—│—————————│
1|.....*1//|
2|......1//|
3|1...111//|
4|.....1///|
5|.....1111|
6|.....*...|
7|.........|
8|.........|
9|1....*...|
—│—————————│
Set/unset mines marks or claim a cell as free: > 6 1 mine
 │123456789│
—│—————————│
1|......1//|
2|......1//|
3|1...111//|
4|.....1///|
5|.....1111|
6|.....*...|
7|.........|
8|.........|
9|1....*...|
—│—————————│
Set/unset mines marks or claim a cell as free: > 1 1 mine
 │123456789│
—│—————————│
1|*.....1//|
2|......1//|
3|1...111//|
4|.....1///|
5|.....1111|
6|.....*...|
7|.........|
8|.........|
9|1....*...|
—│—————————│
Set/unset mines marks or claim a cell as free: > 1 7 mine
 │123456789│
—│—————————│
1|*.....1//|
2|......1//|
3|1...111//|
4|.....1///|
5|.....1111|
6|.....*...|
7|*........|
8|.........|
9|1....*...|
—│—————————│
Set/unset mines marks or claim a cell as free: > 4 9 free
 │123456789│
—│—————————│
1|*.....1//|
2|......1//|
3|1...111//|
4|.....1///|
5|.....1111|
6|.....*...|
7|*........|
8|.........|
9|1..2.*...|
—│—————————│
Set/unset mines marks or claim a cell as free: > 1 2 free
 │123456789│
—│—————————│
1|*.....1//|
2|1.....1//|
3|1...111//|
4|.....1///|
5|.....1111|
6|.....*...|
7|*........|
8|.........|
9|1..2.*...|
—│—————————│
Set/unset mines marks or claim a cell as free: > 8 8 free
 │123456789│
—│—————————│
1|*.....1//|
2|1.....1//|
3|1...111//|
4|.....1///|
5|.....1111|
6|.....*...|
7|*........|
8|.......1.|
9|1..2.*...|
—│—————————│
Set/unset mines marks or claim a cell as free: > 6 2 mine
 │123456789│
—│—————————│
1|*.....1//|
2|1....*1//|
3|1...111//|
4|.....1///|
5|.....1111|
6|.....*...|
7|*........|
8|.......1.|
9|1..2.*...|
—│—————————│
Set/unset mines marks or claim a cell as free: > 2 6 mine
 │123456789│
—│—————————│
1|*.....1//|
2|1....*1//|
3|1...111//|
4|.....1///|
5|.....1111|
6|.*...*...|
7|*........|
8|.......1.|
9|1..2.*...|
—│—————————│
Set/unset mines marks or claim a cell as free: > 4 8 free
 │123456789│
—│—————————│
1|*.....1//|
2|1....*1//|
3|1...111//|
4|.....1///|
5|.....1111|
6|.*...*...|
7|*........|
8|...2...1.|
9|1..2.*...|
—│—————————│
Set/unset mines marks or claim a cell as free: > 6 1 free
 │123456789│
—│—————————│
1|*....21//|
2|1....*1//|
3|1...111//|
4|.....1///|
5|.....1111|
6|.*...*...|
7|*........|
8|...2...1.|
9|1..2.*...|
—│—————————│
Set/unset mines marks or claim a cell as free: > 3 2 mine
 │123456789│
—│—————————│
1|*....21//|
2|1.*..*1//|
3|1...111//|
4|.....1///|
5|.....1111|
6|.*...*...|
7|*........|
8|...2...1.|
9|1..2.*...|
—│—————————│
Set/unset mines marks or claim a cell as free: > 1 8 mine
 │123456789│
—│—————————│
1|*....21//|
2|1.*..*1//|
3|1...111//|
4|.....1///|
5|.....1111|
6|.*...*...|
7|*........|
8|*..2...1.|
9|1..2.*...|
—│—————————│
Set/unset mines marks or claim a cell as free: > 4 7 free
 │123456789│
—│—————————│
1|*....21//|
2|1.*..*1//|
3|1...111//|
4|.....1///|
5|.....1111|
6|.*...*...|
7|*..2.....|
8|*..2...1.|
9|1..2.*...|
—│—————————│
Set/unset mines marks or claim a cell as free: > 5 1 free
 │123456789│
—│—————————│
1|X..XX21//|
2|1.*..X1//|
3|1...111//|
4|.X...1///|
5|XX..X1111|
6|.*XX.*.X.|
7|*..2.....|
8|*..2...1.|
9|1XX2X*..X|
—│—————————│
You stepped on a mine and failed!
?[1;31m
Start test 95?[0m
How many mines do you want on the field? > 20
 │123456789│
—│—————————│
1|.........|
2|.........|
3|.........|
4|.........|
5|.........|
6|.........|
7|.........|
8|.........|
9|.........|
—│—————————│
Set/unset mines marks or claim a cell as free: > 4 5 mine
 │123456789│
—│—————————│
1|.........|
2|.........|
3|.........|
4|.........|
5|...*.....|
6|.........|
7|.........|
8|.........|
9|.........|
—│—————————│
Set/unset mines marks or claim a cell as free: > 4 1 mine
 │123456789│
—│—————————│
1|...*.....|
2|.........|
3|.........|
4|.........|
5|...*.....|
6|.........|
7|.........|
8|.........|
9|.........|
—│—————————│
Set/unset mines marks or claim a cell as free: > 5 7 free
 │123456789│
—│—————————│
1|...*.....|
2|.........|
3|.........|
4|.........|
5|...*.....|
6|.........|
7|....2....|
8|.........|
9|.........|
—│—————————│
Set/unset mines marks or claim a cell as free: > 2 1 free
 │123456789│
—│—————————│
1|////1....|
2|111/1....|
3|..211....|
4|.........|
5|...*.....|
6|.........|
7|....2....|
8|.........|
9|.........|
—│—————————│
Set/unset mines marks or claim a cell as free: > 9 7 free
 │123456789│
—│—————————│
1|////1....|
2|111/1....|
3|..211....|
4|.........|
5|...*.....|
6|.........|
7|....2...2|
8|.........|
9|.........|
—│—————————│
Set/unset mines marks or claim a cell as free: > 6 9 free
 │123456789│
—│—————————│
1|////1....|
2|111/1....|
3|..211....|
4|.........|
5|...*.....|
6|.........|
7|....2...2|
8|.........|
9|.....1...|
—│—————————│
Set/unset mines marks or claim a cell as free: > 9 1 free
 │123456789│
—│—————————│
1|////1..2/|
2|111/1..31|
3|..211....|
4|.........|
5|...*.....|
6|.........|
7|....2...2|
8|.........|
9|.....1...|
—│—————————│
Set/unset mines marks or claim a cell as free: > 7 9 free
 │123456789│
—│—————————│
1|////1..2/|
2|111/1..31|
3|..211....|
4|.........|
5|...*.....|
6|.........|
7|....2...2|
8|.........|
9|.....12..|
—│—————————│
Set/unset mines marks or claim a cell as free: > 9 9 free
 │123456789│
—│—————————│
1|////1.X2/|
2|111/1XX31|
3|.X211..X.|
4|X.X......|
5|...*X..XX|
6|X...X.XX.|
7|.X..2...2|
8|....X..X.|
9|..X..12XX|
—│—————————│
You stepped on a mine and failed!
?[1;31m
Start test 96?[0m
How many mines do you want on the field? > 20
 │123456789│
—│—————————│
1|.........|
2|.........|
3|.........|
4|.........|
5|.........|
6|.........|
7|.........|
8|.........|
9|.........|
—│—————————│
Set/unset mines marks or claim a cell as free: > 2 1 mine
 │123456789│
—│—————————│
1|.*.......|
2|.........|
3|.........|
4|.........|
5|.........|
6|.........|
7|.........|
8|.........|
9|.........|
—│—————————│
Set/unset mines marks or claim a cell as free: > 6 6 free
 │123456789│
—│—————————│
1|.*.......|
2|.........|
3|.........|
4|.........|
5|.........|
6|.....1...|
7|.........|
8|.........|
9|.........|
—│—————————│
Set/unset mines marks or claim a cell as free: > 6 7 free
 │123456789│
—│—————————│
1|.*.......|
2|.........|
3|.........|
4|.........|
5|..211....|
6|221/1111.|
7|///////2.|
8|221111/1.|
9|.....1/1.|
—│—————————│
Set/unset mines marks or claim a cell as free: > 7 1 mine
 │123456789│
—│—————————│
1|.*....*..|
2|.........|
3|.........|
4|.........|
5|..211....|
6|221/1111.|
7|///////2.|
8|221111/1.|
9|.....1/1.|
—│—————————│
Set/unset mines marks or claim a cell as free: > 2 3 free
 │123456789│
—│—————————│
1|XXX...*..|
2|.X....XX.|
3|.X.X.....|
4|..X...XXX|
5|XX211X...|
6|221/1111X|
7|///////2.|
8|221111/1X|
9|XX..X1/1.|
—│—————————│
You stepped on a mine and failed!
?[1;31m
Start test 97?[0m
How many mines do you want on the field? > 25
 │123456789│
—│—————————│
1|.........|
2|.........|
3|.........|
4|.........|
5|.........|
6|.........|
7|.........|
8|.........|
9|.........|
—│—————————│
Set/unset mines marks or claim a cell as free: > 6 6 mine
 │123456789│
—│—————————│
1|.........|
2|.........|
3|.........|
4|.........|
5|.........|
6|.....*...|
7|.........|
8|.........|
9|.........|
—│—————————│
Set/unset mines marks or claim a cell as free: > 5 8 free
 │123456789│
—│—————————│
1|.........|
2|.........|
3|.........|
4|.........|
5|.........|
6|.....*...|
7|.........|
8|....4....|
9|.........|
—│—————————│
Set/unset mines marks or claim a cell as free: > 2 5 free
 │123456789│
—│—————————│
1|.........|
2|.........|
3|.........|
4|.........|
5|.2.......|
6|.....*...|
7|.........|
8|....4....|
9|.........|
—│—————————│
Set/unset mines marks or claim a cell as free: > 9 4 free
 │123456789│
—│—————————│
1|.........|
2|.........|
3|.........|
4|........2|
5|.2.......|
6|.....*...|
7|.........|
8|....4....|
9|.........|
—│—————————│
Set/unset mines marks or claim a cell as free: > 9 9 free
 │123456789│
—│—————————│
1|......XX.|
2|...X.XX..|
3|....X....|
4|...XX.X.2|
5|.2X...XXX|
6|X....*X.X|
7|.......X.|
8|..XX4X..X|
9|..XXX...X|
—│—————————│
You stepped on a mine and failed!
?[1;31m
Start test 98?[0m
How many mines do you want on the field? > 25
 │123456789│
—│—————————│
1|.........|
2|.........|
3|.........|
4|.........|
5|.........|
6|.........|
7|.........|
8|.........|
9|.........|
—│—————————│
Set/unset mines marks or claim a cell as free: > 3 2 free
 │123456789│
—│—————————│
1|.........|
2|..3......|
3|.........|
4|.........|
5|.........|
6|.........|
7|.........|
8|.........|
9|.........|
—│—————————│
Set/unset mines marks or claim a cell as free: > 2 9 free
 │123456789│
—│—————————│
1|XX..X.X..|
2|..3...X..|
3|..XX...XX|
4|.X.X...X.|
5|.X..X..X.|
6|XX.....X.|
7|.X......X|
8|......XXX|
9|.X.X.....|
—│—————————│
You stepped on a mine and failed!
?[1;31m
Start test 99?[0m
How many mines do you want on the field? > 30
 │123456789│
—│—————————│
1|.........|
2|.........|
3|.........|
4|.........|
5|.........|
6|.........|
7|.........|
8|.........|
9|.........|
—│—————————│
Set/unset mines marks or claim a cell as free: > 3 3 free
 │123456789│
—│—————————│
1|.........|
2|.........|
3|..3......|
4|.........|
5|.........|
6|.........|
7|.........|
8|.........|
9|.........|
—│—————————│
Set/unset mines marks or claim a cell as free: > 9 5 mine
 │123456789│
—│—————————│
1|.........|
2|.........|
3|..3......|
4|.........|
5|........*|
6|.........|
7|.........|
8|.........|
9|.........|
—│—————————│
Set/unset mines marks or claim a cell as free: > 3 2 mine
 │123456789│
—│—————————│
1|.........|
2|..*......|
3|..3......|
4|.........|
5|........*|
6|.........|
7|.........|
8|.........|
9|.........|
—│—————————│
Set/unset mines marks or claim a cell as free: > 7 8 free
 │123456789│
—│—————————│
1|.........|
2|..*......|
3|..3......|
4|.........|
5|........*|
6|.........|
7|.........|
8|......2..|
9|.........|
—│—————————│
Set/unset mines marks or claim a cell as free: > 4 8 free
 │123456789│
—│—————————│
1|XXX......|
2|.X*..XX.X|
3|..3XX....|
4|X.X.X...X|
5|..XX.X..*|
6|....X.X.X|
7|..X.X..XX|
8|.XXXX.2X.|
9|..XX.....|
—│—————————│
You stepped on a mine and failed!
?[1;31m
Start test 100?[0m
How many mines do you want on the field? > 30
 │123456789│
—│—————————│
1|.........|
2|.........|
3|.........|
4|.........|
5|.........|
6|.........|
7|.........|
8|.........|
9|.........|
—│—————————│
Set/unset mines marks or claim a cell as free: > 8 3 free
 │123456789│
—│—————————│
1|.........|
2|.........|
3|.......4.|
4|.........|
5|.........|
6|.........|
7|.........|
8|.........|
9|.........|
—│—————————│
Set/unset mines marks or claim a cell as free: > 2 9 free
 │123456789│
—│—————————│
1|XX.XX...X|
2|XX.X...X.|
3|XX..X.X4.|
4|X.XX..XX.|
5|X..X.XX..|
6|...X..X..|
7|.........|
8|..X...X.X|
9|XXX......|
—│—————————│
You stepped on a mine and failed!
?[1;31m
Start test 101?[0m
How many mines do you want on the field? > 35
 │123456789│
—│—————————│
1|.........|
2|.........|
3|.........|
4|.........|
5|.........|
6|.........|
7|.........|
8|.........|
9|.........|
—│—————————│
Set/unset mines marks or claim a cell as free: > 5 3 mine
 │123456789│
—│—————————│
1|.........|
2|.........|
3|....*....|
4|.........|
5|.........|
6|.........|
7|.........|
8|.........|
9|.........|
—│—————————│
Set/unset mines marks or claim a cell as free: > 5 3 mine
 │123456789│
—│—————————│
1|.........|
2|.........|
3|.........|
4|.........|
5|.........|
6|.........|
7|.........|
8|.........|
9|.........|
—│—————————│
Set/unset mines marks or claim a cell as free: > 2 9 free
 │123456789│
—│—————————│
1|.........|
2|.........|
3|.........|
4|.........|
5|.........|
6|.........|
7|.........|
8|.........|
9|.4.......|
—│—————————│
Set/unset mines marks or claim a cell as free: > 9 8 mine
 │123456789│
—│—————————│
1|.........|
2|.........|
3|.........|
4|.........|
5|.........|
6|.........|
7|.........|
8|........*|
9|.4.......|
—│—————————│
Set/unset mines marks or claim a cell as free: > 9 7 free
 │123456789│
—│—————————│
1|...X...X.|
2|X.X...X.X|
3|X.X.X.XX.|
4|...X.X.XX|
5|.XX.X.X..|
6|...XX...X|
7|..XX...XX|
8|X.XXX..X*|
9|X4X..XX..|
—│—————————│
You stepped on a mine and failed!
?[1;31m
Start test 102?[0m
How many mines do you want on the field? > 35
 │123456789│
—│—————————│
1|.........|
2|.........|
3|.........|
4|.........|
5|.........|
6|.........|
7|.........|
8|.........|
9|.........|
—│—————————│
Set/unset mines marks or claim a cell as free: > 9 3 free
 │123456789│
—│—————————│
1|.........|
2|.........|
3|........2|
4|.........|
5|.........|
6|.........|
7|.........|
8|.........|
9|.........|
—│—————————│
Set/unset mines marks or claim a cell as free: > 4 4 free
 │123456789│
—│—————————│
1|.X......X|
2|.XXXX..X.|
3|XXX.X...2|
4|..XXXX..X|
5|X..X.XXX.|
6|XX.X....X|
7|...XX.X.X|
8|.........|
9|X.XX..XXX|
—│—————————│
You stepped on a mine and failed!
?[1;31m
Start test 103?[0m
How many mines do you want on the field? > 40
 │123456789│
—│—————————│
1|.........|
2|.........|
3|.........|
4|.........|
5|.........|
6|.........|
7|.........|
8|.........|
9|.........|
—│—————————│
Set/unset mines marks or claim a cell as free: > 5 2 mine
 │123456789│
—│—————————│
1|.........|
2|....*....|
3|.........|
4|.........|
5|.........|
6|.........|
7|.........|
8|.........|
9|.........|
—│—————————│
Set/unset mines marks or claim a cell as free: > 5 2 mine
 │123456789│
—│—————————│
1|.........|
2|.........|
3|.........|
4|.........|
5|.........|
6|.........|
7|.........|
8|.........|
9|.........|
—│—————————│
Set/unset mines marks or claim a cell as free: > 7 6 mine
 │123456789│
—│—————————│
1|.........|
2|.........|
3|.........|
4|.........|
5|.........|
6|......*..|
7|.........|
8|.........|
9|.........|
—│—————————│
Set/unset mines marks or claim a cell as free: > 7 6 mine
 │123456789│
—│—————————│
1|.........|
2|.........|
3|.........|
4|.........|
5|.........|
6|.........|
7|.........|
8|.........|
9|.........|
—│—————————│
Set/unset mines marks or claim a cell as free: > 3 9 free
 │123456789│
—│—————————│
1|.........|
2|.........|
3|.........|
4|.........|
5|.........|
6|.........|
7|.........|
8|.........|
9|..3......|
—│—————————│
Set/unset mines marks or claim a cell as free: > 4 9 mine
 │123456789│
—│—————————│
1|.........|
2|.........|
3|.........|
4|.........|
5|.........|
6|.........|
7|.........|
8|.........|
9|..3*.....|
—│—————————│
Set/unset mines marks or claim a cell as free: > 7 6 free
 │123456789│
—│—————————│
1|.........|
2|.........|
3|.........|
4|.........|
5|.........|
6|......2..|
7|.........|
8|.........|
9|..3*.....|
—│—————————│
Set/unset mines marks or claim a cell as free: > 4 9 mine
 │123456789│
—│—————————│
1|.........|
2|.........|
3|.........|
4|.........|
5|.........|
6|......2..|
7|.........|
8|.........|
9|..3......|
—│—————————│
Set/unset mines marks or claim a cell as free: > 7 7 free
 │123456789│
—│—————————│
1|.........|
2|.........|
3|.........|
4|.........|
5|.........|
6|......2..|
7|......3..|
8|.........|
9|..3......|
—│—————————│
Set/unset mines marks or claim a cell as free: > 4 7 mine
 │123456789│
—│—————————│
1|.........|
2|.........|
3|.........|
4|.........|
5|.........|
6|......2..|
7|...*..3..|
8|.........|
9|..3......|
—│—————————│
Set/unset mines marks or claim a cell as free: > 2 9 mine
 │123456789│
—│—————————│
1|.........|
2|.........|
3|.........|
4|.........|
5|.........|
6|......2..|
7|...*..3..|
8|.........|
9|.*3......|
—│—————————│
Set/unset mines marks or claim a cell as free: > 6 7 free
 │123456789│
—│—————————│
1|XXX...XXX|
2|XXX.XX.X.|
3|.XX.XXX.X|
4|X..X...X.|
5|..XXX....|
6|X...X.2X.|
7|.XX*XX3..|
8|..X.XX..X|
9|XX3X.XX..|
—│—————————│
You stepped on a mine and failed!
?[1;31m
Start test 104?[0m
How many mines do you want on the field? > 40
 │123456789│
—│—————————│
1|.........|
2|.........|
3|.........|
4|.........|
5|.........|
6|.........|
7|.........|
8|.........|
9|.........|
—│—————————│
Set/unset mines marks or claim a cell as free: > 2 2 free
 │123456789│
—│—————————│
1|.........|
2|.5.......|
3|.........|
4|.........|
5|.........|
6|.........|
7|.........|
8|.........|
9|.........|
—│—————————│
Set/unset mines marks or claim a cell as free: > 6 9 mine
 │123456789│
—│—————————│
1|.........|
2|.5.......|
3|.........|
4|.........|
5|.........|
6|.........|
7|.........|
8|.........|
9|.....*...|
—│—————————│
Set/unset mines marks or claim a cell as free: > 7 8 free
 │123456789│
—│—————————│
1|.........|
2|.5.......|
3|.........|
4|.........|
5|.........|
6|.........|
7|.........|
8|......4..|
9|.....*...|
—│—————————│
Set/unset mines marks or claim a cell as free: > 2 9 free
 │123456789│
—│—————————│
1|.........|
2|.5.......|
3|.........|
4|.........|
5|.........|
6|.........|
7|.........|
8|223...4..|
9|//1..*...|
—│—————————│
Set/unset mines marks or claim a cell as free: > 4 6 free
 │123456789│
—│—————————│
1|.........|
2|.5.......|
3|.........|
4|.........|
5|.........|
6|...5.....|
7|.........|
8|223...4..|
9|//1..*...|
—│—————————│
Set/unset mines marks or claim a cell as free: > 4 9 free
 │123456789│
—│—————————│
1|.........|
2|.5.......|
3|.........|
4|.........|
5|.........|
6|...5.....|
7|.........|
8|223...4..|
9|//12.*...|
—│—————————│
Set/unset mines marks or claim a cell as free: > 6 9 mine
 │123456789│
—│—————————│
1|.........|
2|.5.......|
3|.........|
4|.........|
5|.........|
6|...5.....|
7|.........|
8|223...4..|
9|//12.....|
—│—————————│
Set/unset mines marks or claim a cell as free: > 7 1 free
 │123456789│
—│—————————│
1|......2..|
2|.5.......|
3|.........|
4|.........|
5|.........|
6|...5.....|
7|.........|
8|223...4..|
9|//12.....|
—│—————————│
Set/unset mines marks or claim a cell as free: > 9 6 mine
 │123456789│
—│—————————│
1|......2..|
2|.5.......|
3|.........|
4|.........|
5|.........|
6|...5....*|
7|.........|
8|223...4..|
9|//12.....|
—│—————————│
Set/unset mines marks or claim a cell as free: > 9 6 mine
 │123456789│
—│—————————│
1|......2..|
2|.5.......|
3|.........|
4|.........|
5|.........|
6|...5.....|
7|.........|
8|223...4..|
9|//12.....|
—│—————————│
Set/unset mines marks or claim a cell as free: > 4 4 mine
 │123456789│
—│—————————│
1|......2..|
2|.5.......|
3|.........|
4|...*.....|
5|.........|
6|...5.....|
7|.........|
8|223...4..|
9|//12.....|
—│—————————│
Set/unset mines marks or claim a cell as free: > 3 4 mine
 │123456789│
—│—————————│
1|......2..|
2|.5.......|
3|.........|
4|..**.....|
5|.........|
6|...5.....|
7|.........|
8|223...4..|
9|//12.....|
—│—————————│
Set/unset mines marks or claim a cell as free: > 5 4 free
 │123456789│
—│—————————│
1|.X.XX.2.X|
2|X5X.X.XXX|
3|.XX..XX..|
4|X.XXXX..X|
5|.X.XXXX..|
6|..X5XX.XX|
7|XX.X.XX.X|
8|223X.X4..|
9|//12XX...|
—│—————————│
You stepped on a mine and failed!
?[1;31m
Start test 105?[0m
How many mines do you want on the field? > 45
 │123456789│
—│—————————│
1|.........|
2|.........|
3|.........|
4|.........|
5|.........|
6|.........|
7|.........|
8|.........|
9|.........|
—│—————————│
Set/unset mines marks or claim a cell as free: > 4 7 free
 │123456789│
—│—————————│
1|.........|
2|.........|
3|.........|
4|.........|
5|.........|
6|.........|
7|...6.....|
8|.........|
9|.........|
—│—————————│
Set/unset mines marks or claim a cell as free: > 8 2 free
 │123456789│
—│—————————│
1|XX..X...X|
2|..XX.XXX.|
3|X.X.XXXX.|
4|XXX..XXXX|
5|.XX.XX.XX|
6|..XX.XXX.|
7|.XX6X....|
8|XX.XX...X|
9|..X.XX.X.|
—│—————————│
You stepped on a mine and failed!
?[1;31m
Start test 106?[0m
How many mines do you want on the field? > 45
 │123456789│
—│—————————│
1|.........|
2|.........|
3|.........|
4|.........|
5|.........|
6|.........|
7|.........|
8|.........|
9|.........|
—│—————————│
Set/unset mines marks or claim a cell as free: > 5 9 free
 │123456789│
—│—————————│
1|.........|
2|.........|
3|.........|
4|.........|
5|.........|
6|.........|
7|.........|
8|.........|
9|....1....|
—│—————————│
Set/unset mines marks or claim a cell as free: > 3 1 free
 │123456789│
—│—————————│
1|..4......|
2|.........|
3|.........|
4|.........|
5|.........|
6|.........|
7|.........|
8|.........|
9|....1....|
—│—————————│
Set/unset mines marks or claim a cell as free: > 8 1 free
 │123456789│
—│—————————│
1|XX4.XX.X.|
2|XXXX....X|
3|XXX..XX.X|
4|..XX.XXXX|
5|.X.XX..X.|
6|X.XX...X.|
7|XXXXXXX.X|
8|X...X.X..|
9|XX..1.X.X|
—│—————————│
You stepped on a mine and failed!
?[1;31m
Start test 107?[0m
How many mines do you want on the field? > 50
 │123456789│
—│—————————│
1|.........|
2|.........|
3|.........|
4|.........|
5|.........|
6|.........|
7|.........|
8|.........|
9|.........|
—│—————————│
Set/unset mines marks or claim a cell as free: > 9 3 free
 │123456789│
—│—————————│
1|.........|
2|.........|
3|........4|
4|.........|
5|.........|
6|.........|
7|.........|
8|.........|
9|.........|
—│—————————│
Set/unset mines marks or claim a cell as free: > 7 2 mine
 │123456789│
—│—————————│
1|.........|
2|......*..|
3|........4|
4|.........|
5|.........|
6|.........|
7|.........|
8|.........|
9|.........|
—│—————————│
Set/unset mines marks or claim a cell as free: > 1 3 mine
 │123456789│
—│—————————│
1|.........|
2|......*..|
3|*.......4|
4|.........|
5|.........|
6|.........|
7|.........|
8|.........|
9|.........|
—│—————————│
Set/unset mines marks or claim a cell as free: > 8 1 free
 │123456789│
—│—————————│
1|XXX.XX.XX|
2|XX.XX.XXX|
3|XXX.X...4|
4|XX..XXXXX|
5|X.X.XX.XX|
6|XXXX..XXX|
7|....X..X.|
8|..X..X.XX|
9|XXXXXX...|
—│—————————│
You stepped on a mine and failed!
?[1;31m
Start test 108?[0m
How many mines do you want on the field? > 50
 │123456789│
—│—————————│
1|.........|
2|.........|
3|.........|
4|.........|
5|.........|
6|.........|
7|.........|
8|.........|
9|.........|
—│—————————│
Set/unset mines marks or claim a cell as free: > 3 7 mine
 │123456789│
—│—————————│
1|.........|
2|.........|
3|.........|
4|.........|
5|.........|
6|.........|
7|..*......|
8|.........|
9|.........|
—│—————————│
Set/unset mines marks or claim a cell as free: > 4 3 free
 │123456789│
—│—————————│
1|.........|
2|.........|
3|...7.....|
4|.........|
5|.........|
6|.........|
7|..*......|
8|.........|
9|.........|
—│—————————│
Set/unset mines marks or claim a cell as free: > 2 1 mine
 │123456789│
—│—————————│
1|.*.......|
2|.........|
3|...7.....|
4|.........|
5|.........|
6|.........|
7|..*......|
8|.........|
9|.........|
—│—————————│
Set/unset mines marks or claim a cell as free: > 1 8 mine
 │123456789│
—│—————————│
1|.*.......|
2|.........|
3|...7.....|
4|.........|
5|.........|
6|.........|
7|..*......|
8|*........|
9|.........|
—│—————————│
Set/unset mines marks or claim a cell as free: > 6 1 free
 │123456789│
—│—————————│
1|.*...3...|
2|.........|
3|...7.....|
4|.........|
5|.........|
6|.........|
7|..*......|
8|*........|
9|.........|
—│—————————│
Set/unset mines marks or claim a cell as free: > 2 5 mine
 │123456789│
—│—————————│
1|.*...3...|
2|.........|
3|...7.....|
4|.........|
5|.*.......|
6|.........|
7|..*......|
8|*........|
9|.........|
—│—————————│
Set/unset mines marks or claim a cell as free: > 8 8 free
 │123456789│
—│—————————│
1|.*...3...|
2|.........|
3|...7.....|
4|.........|
5|.*.......|
6|.........|
7|..*......|
8|*......4.|
9|.........|
—│—————————│
Set/unset mines marks or claim a cell as free: > 3 2 free
 │123456789│
—│—————————│
1|.XXX.3XX.|
2|X.XXX.X.X|
3|X.X7XXXXX|
4|XXXX.X.X.|
5|X*X.X.X.X|
6|XXXX...XX|
7|XXX.X.X..|
8|X.XXX.X4.|
9|..XXX..XX|
—│—————————│
You stepped on a mine and failed!
?[1;31m
Start test 109?[0m
How many mines do you want on the field? > 55
 │123456789│
—│—————————│
1|.........|
2|.........|
3|.........|
4|.........|
5|.........|
6|.........|
7|.........|
8|.........|
9|.........|
—│—————————│
Set/unset mines marks or claim a cell as free: > 4 9 mine
 │123456789│
—│—————————│
1|.........|
2|.........|
3|.........|
4|.........|
5|.........|
6|.........|
7|.........|
8|.........|
9|...*.....|
—│—————————│
Set/unset mines marks or claim a cell as free: > 4 4 mine
 │123456789│
—│—————————│
1|.........|
2|.........|
3|.........|
4|...*.....|
5|.........|
6|.........|
7|.........|
8|.........|
9|...*.....|
—│—————————│
Set/unset mines marks or claim a cell as free: > 4 9 mine
 │123456789│
—│—————————│
1|.........|
2|.........|
3|.........|
4|...*.....|
5|.........|
6|.........|
7|.........|
8|.........|
9|.........|
—│—————————│
Set/unset mines marks or claim a cell as free: > 8 6 free
 │123456789│
—│—————————│
1|.........|
2|.........|
3|.........|
4|...*.....|
5|.........|
6|.......7.|
7|.........|
8|.........|
9|.........|
—│—————————│
Set/unset mines marks or claim a cell as free: > 4 4 mine
 │123456789│
—│—————————│
1|.........|
2|.........|
3|.........|
4|.........|
5|.........|
6|.......7.|
7|.........|
8|.........|
9|.........|
—│—————————│
Set/unset mines marks or claim a cell as free: > 5 5 free
 │123456789│
—│—————————│
1|XXXXXXX..|
2|XX.XXX.X.|
3|XX.XXX.X.|
4|.XXXXX.X.|
5|XX.XXXXXX|
6|XXX.X.X7X|
7|.X.....XX|
8|X...XXXXX|
9|XXX.X.XXX|
—│—————————│
You stepped on a mine and failed!
?[1;31m
Start test 110?[0m
How many mines do you want on the field? > 55
 │123456789│
—│—————————│
1|.........|
2|.........|
3|.........|
4|.........|
5|.........|
6|.........|
7|.........|
8|.........|
9|.........|
—│—————————│
Set/unset mines marks or claim a cell as free: > 7 9 free
 │123456789│
—│—————————│
1|.........|
2|.........|
3|.........|
4|.........|
5|.........|
6|.........|
7|.........|
8|.........|
9|......5..|
—│—————————│
Set/unset mines marks or claim a cell as free: > 8 9 free
 │123456789│
—│—————————│
1|XXXX.XX.X|
2|.XX.X.X..|
3|.XXX.X.XX|
4|...X..XXX|
5|.XXXX.X.X|
6|.XX.XXXXX|
7|XXXX.XX.X|
8|.XX.XXXXX|
9|XX.XXX5XX|
—│—————————│
You stepped on a mine and failed!
?[1;31m
Start test 111?[0m
How many mines do you want on the field? > 60
 │123456789│
—│—————————│
1|.........|
2|.........|
3|.........|
4|.........|
5|.........|
6|.........|
7|.........|
8|.........|
9|.........|
—│—————————│
Set/unset mines marks or claim a cell as free: > 7 2 free
 │123456789│
—│—————————│
1|.........|
2|......7..|
3|.........|
4|.........|
5|.........|
6|.........|
7|.........|
8|.........|
9|.........|
—│—————————│
Set/unset mines marks or claim a cell as free: > 7 5 free
 │123456789│
—│—————————│
1|.........|
2|......7..|
3|.........|
4|.........|
5|......7..|
6|.........|
7|.........|
8|.........|
9|.........|
—│—————————│
Set/unset mines marks or claim a cell as free: > 8 2 mine
 │123456789│
—│—————————│
1|.........|
2|......7*.|
3|.........|
4|.........|
5|......7..|
6|.........|
7|.........|
8|.........|
9|.........|
—│—————————│
Set/unset mines marks or claim a cell as free: > 8 2 mine
 │123456789│
—│—————————│
1|.........|
2|......7..|
3|.........|
4|.........|
5|......7..|
6|.........|
7|.........|
8|.........|
9|.........|
—│—————————│
Set/unset mines marks or claim a cell as free: > 5 3 mine
 │123456789│
—│—————————│
1|.........|
2|......7..|
3|....*....|
4|.........|
5|......7..|
6|.........|
7|.........|
8|.........|
9|.........|
—│—————————│
Set/unset mines marks or claim a cell as free: > 5 3 mine
 │123456789│
—│—————————│
1|.........|
2|......7..|
3|.........|
4|.........|
5|......7..|
6|.........|
7|.........|
8|.........|
9|.........|
—│—————————│
Set/unset mines marks or claim a cell as free: > 4 9 mine
 │123456789│
—│—————————│
1|.........|
2|......7..|
3|.........|
4|.........|
5|......7..|
6|.........|
7|.........|
8|.........|
9|...*.....|
—│—————————│
Set/unset mines marks or claim a cell as free: > 8 6 mine
 │123456789│
—│—————————│
1|.........|
2|......7..|
3|.........|
4|.........|
5|......7..|
6|.......*.|
7|.........|
8|.........|
9|...*.....|
—│—————————│
Set/unset mines marks or claim a cell as free: > 6 8 free
 │123456789│
—│—————————│
1|.........|
2|......7..|
3|.........|
4|.........|
5|......7..|
6|.......*.|
7|.........|
8|.....7...|
9|...*.....|
—│—————————│
Set/unset mines marks or claim a cell as free: > 8 6 mine
 │123456789│
—│—————————│
1|.........|
2|......7..|
3|.........|
4|.........|
5|......7..|
6|.........|
7|.........|
8|.....7...|
9|...*.....|
—│—————————│
Set/unset mines marks or claim a cell as free: > 3 8 free
 │123456789│
—│—————————│
1|.........|
2|......7..|
3|.........|
4|.........|
5|......7..|
6|.........|
7|.........|
8|..7..7...|
9|...*.....|
—│—————————│
Set/unset mines marks or claim a cell as free: > 3 4 mine
 │123456789│
—│—————————│
1|.........|
2|......7..|
3|.........|
4|..*......|
5|......7..|
6|.........|
7|.........|
8|..7..7...|
9|...*.....|
—│—————————│
Set/unset mines marks or claim a cell as free: > 8 3 free
 │123456789│
—│—————————│
1|XXXXXX.XX|
2|XXXXXX7X.|
3|XXX..XXXX|
4|XX*XXXX.X|
5|X.X..X7X.|
6|XX.X.XXXX|
7|XXXXXXXXX|
8|.X7XX7X..|
9|XX.X.XXXX|
—│—————————│
You stepped on a mine and failed!
?[1;31m
Start test 112?[0m
How many mines do you want on the field? > 60
 │123456789│
—│—————————│
1|.........|
2|.........|
3|.........|
4|.........|
5|.........|
6|.........|
7|.........|
8|.........|
9|.........|
—│—————————│
Set/unset mines marks or claim a cell as free: > 4 1 mine
 │123456789│
—│—————————│
1|...*.....|
2|.........|
3|.........|
4|.........|
5|.........|
6|.........|
7|.........|
8|.........|
9|.........|
—│—————————│
Set/unset mines marks or claim a cell as free: > 3 7 free
 │123456789│
—│—————————│
1|...*.....|
2|.........|
3|.........|
4|.........|
5|.........|
6|.........|
7|..6......|
8|.........|
9|.........|
—│—————————│
Set/unset mines marks or claim a cell as free: > 1 8 mine
 │123456789│
—│—————————│
1|...*.....|
2|.........|
3|.........|
4|.........|
5|.........|
6|.........|
7|..6......|
8|*........|
9|.........|
—│—————————│
Set/unset mines marks or claim a cell as free: > 1 8 mine
 │123456789│
—│—————————│
1|...*.....|
2|.........|
3|.........|
4|.........|
5|.........|
6|.........|
7|..6......|
8|.........|
9|.........|
—│—————————│
Set/unset mines marks or claim a cell as free: > 5 5 free
 │123456789│
—│—————————│
1|XXX*XX.XX|
2|X.X.XX..X|
3|XXXXX.X.X|
4|XXX..XXXX|
5|.XXXXXX.X|
6|.XXXXXX..|
7|XX6.XXXXX|
8|X.XXXXXX.|
9|X.XXX.XXX|
—│—————————│
You stepped on a mine and failed!
?[1;31m
Start test 113?[0m
How many mines do you want on the field? > 65
 │123456789│
—│—————————│
1|.........|
2|.........|
3|.........|
4|.........|
5|.........|
6|.........|
7|.........|
8|.........|
9|.........|
—│—————————│
Set/unset mines marks or claim a cell as free: > 4 2 free
 │123456789│
—│—————————│
1|.........|
2|...6.....|
3|.........|
4|.........|
5|.........|
6|.........|
7|.........|
8|.........|
9|.........|
—│—————————│
Set/unset mines marks or claim a cell as free: > 5 6 mine
 │123456789│
—│—————————│
1|.........|
2|...6.....|
3|.........|
4|.........|
5|.........|
6|....*....|
7|.........|
8|.........|
9|.........|
—│—————————│
Set/unset mines marks or claim a cell as free: > 8 1 mine
 │123456789│
—│—————————│
1|.......*.|
2|...6.....|
3|.........|
4|.........|
5|.........|
6|....*....|
7|.........|
8|.........|
9|.........|
—│—————————│
Set/unset mines marks or claim a cell as free: > 6 9 mine
 │123456789│
—│—————————│
1|.......*.|
2|...6.....|
3|.........|
4|.........|
5|.........|
6|....*....|
7|.........|
8|.........|
9|.....*...|
—│—————————│
Set/unset mines marks or claim a cell as free: > 8 5 free
 │123456789│
—│—————————│
1|XXXXXXXXX|
2|.X.6..XXX|
3|XXXXXX.XX|
4|XXXXXXXXX|
5|XXXXX..X.|
6|X.XX*XXXX|
7|XXX.XXX.X|
8|XXXXXXX.X|
9|XX..XXXXX|
—│—————————│
You stepped on a mine and failed!
?[1;31m
Start test 114?[0m
How many mines do you want on the field? > 65
 │123456789│
—│—————————│
1|.........|
2|.........|
3|.........|
4|.........|
5|.........|
6|.........|
7|.........|
8|.........|
9|.........|
—│—————————│
Set/unset mines marks or claim a cell as free: > 9 9 mine
 │123456789│
—│—————————│
1|.........|
2|.........|
3|.........|
4|.........|
5|.........|
6|.........|
7|.........|
8|.........|
9|........*|
—│—————————│
Set/unset mines marks or claim a cell as free: > 7 9 mine
 │123456789│
—│—————————│
1|.........|
2|.........|
3|.........|
4|.........|
5|.........|
6|.........|
7|.........|
8|.........|
9|......*.*|
—│—————————│
Set/unset mines marks or claim a cell as free: > 8 1 mine
 │123456789│
—│—————————│
1|.......*.|
2|.........|
3|.........|
4|.........|
5|.........|
6|.........|
7|.........|
8|.........|
9|......*.*|
—│—————————│
Set/unset mines marks or claim a cell as free: > 4 2 free
 │123456789│
—│—————————│
1|.......*.|
2|...6.....|
3|.........|
4|.........|
5|.........|
6|.........|
7|.........|
8|.........|
9|......*.*|
—│—————————│
Set/unset mines marks or claim a cell as free: > 7 5 mine
 │123456789│
—│—————————│
1|.......*.|
2|...6.....|
3|.........|
4|.........|
5|......*..|
6|.........|
7|.........|
8|.........|
9|......*.*|
—│—————————│
Set/unset mines marks or claim a cell as free: > 9 5 free
 │123456789│
—│—————————│
1|XXXXXX.XX|
2|XX.6.XXXX|
3|.XXXXX.XX|
4|XX.XXXXX.|
5|XX.XXXXXX|
6|XXXXXXXXX|
7|X..XXXXXX|
8|X.XXX.XXX|
9|XXX.X.*XX|
—│—————————│
You stepped on a mine and failed!
]]></system-out>
  <system-err><![CDATA[]]></system-err>
</testsuite>
